2021-03-04 00:00:14.982  INFO 6568 --- [Thread-11] o.s.s.concurrent.ThreadPoolTaskExecutor  : Shutting down ExecutorService 'applicationTaskExecutor'
2021-03-04 00:00:14.986  INFO 6568 --- [Thread-11] j.LocalContainerEntityManagerFactoryBean : Closing JPA EntityManagerFactory for persistence unit 'default'
2021-03-04 00:00:14.991  INFO 6568 --- [Thread-11] com.zaxxer.hikari.HikariDataSource       : HikariPool-1 - Shutdown initiated...
2021-03-04 00:00:14.997  INFO 6568 --- [Thread-11] com.zaxxer.hikari.HikariDataSource       : HikariPool-1 - Shutdown completed.
2021-03-04 00:00:15.321  INFO 6568 --- [restartedMain] nju.se.zt.njucat.NjucatApplication       : Starting NjucatApplication using Java 1.8.0_271 on DESKTOP-O8OBFFF with PID 6568 (D:\W\WorkSpace\njucat\target\classes started by taozheeng in D:\W\WorkSpace\njucat)
2021-03-04 00:00:15.324 DEBUG 6568 --- [restartedMain] nju.se.zt.njucat.NjucatApplication       : Running with Spring Boot v2.4.3, Spring v5.3.4
2021-03-04 00:00:15.324  INFO 6568 --- [restartedMain] nju.se.zt.njucat.NjucatApplication       : No active profile set, falling back to default profiles: default
2021-03-04 00:00:15.500  INFO 6568 --- [restartedMain] .s.d.r.c.RepositoryConfigurationDelegate : Bootstrapping Spring Data JPA repositories in DEFAULT mode.
2021-03-04 00:00:15.507  INFO 6568 --- [restartedMain] .s.d.r.c.RepositoryConfigurationDelegate : Finished Spring Data repository scanning in 6 ms. Found 1 JPA repository interfaces.
2021-03-04 00:00:15.653  INFO 6568 --- [restartedMain] o.s.b.w.embedded.tomcat.TomcatWebServer  : Tomcat initialized with port(s): 8080 (http)
2021-03-04 00:00:15.654  INFO 6568 --- [restartedMain] o.apache.catalina.core.StandardService   : Starting service [Tomcat]
2021-03-04 00:00:15.654  INFO 6568 --- [restartedMain] org.apache.catalina.core.StandardEngine  : Starting Servlet engine: [Apache Tomcat/9.0.43]
2021-03-04 00:00:15.682  INFO 6568 --- [restartedMain] o.a.c.c.C.[Tomcat].[localhost].[/]       : Initializing Spring embedded WebApplicationContext
2021-03-04 00:00:15.682  INFO 6568 --- [restartedMain] w.s.c.ServletWebServerApplicationContext : Root WebApplicationContext: initialization completed in 355 ms
2021-03-04 00:00:15.740  INFO 6568 --- [restartedMain] o.hibernate.jpa.internal.util.LogHelper  : HHH000204: Processing PersistenceUnitInfo [name: default]
2021-03-04 00:00:15.743  INFO 6568 --- [restartedMain] com.zaxxer.hikari.HikariDataSource       : HikariPool-2 - Starting...
2021-03-04 00:00:15.771  INFO 6568 --- [restartedMain] com.zaxxer.hikari.HikariDataSource       : HikariPool-2 - Start completed.
2021-03-04 00:00:15.771  INFO 6568 --- [restartedMain] org.hibernate.dialect.Dialect            : HHH000400: Using dialect: org.hibernate.dialect.MySQL57Dialect
2021-03-04 00:00:15.828  INFO 6568 --- [restartedMain] o.h.e.t.j.p.i.JtaPlatformInitiator       : HHH000490: Using JtaPlatform implementation: [org.hibernate.engine.transaction.jta.platform.internal.NoJtaPlatform]
2021-03-04 00:00:15.828  INFO 6568 --- [restartedMain] j.LocalContainerEntityManagerFactoryBean : Initialized JPA EntityManagerFactory for persistence unit 'default'
2021-03-04 00:00:15.855  INFO 6568 --- [restartedMain] o.s.b.d.a.OptionalLiveReloadServer       : LiveReload server is running on port 35729
2021-03-04 00:00:16.056  WARN 6568 --- [restartedMain] JpaBaseConfiguration$JpaWebConfiguration : spring.jpa.open-in-view is enabled by default. Therefore, database queries may be performed during view rendering. Explicitly configure spring.jpa.open-in-view to disable this warning
2021-03-04 00:00:16.186  INFO 6568 --- [restartedMain] o.s.s.concurrent.ThreadPoolTaskExecutor  : Initializing ExecutorService 'applicationTaskExecutor'
2021-03-04 00:00:16.226  INFO 6568 --- [restartedMain] o.s.b.a.w.s.WelcomePageHandlerMapping    : Adding welcome page template: index
2021-03-04 00:00:16.426  INFO 6568 --- [restartedMain] o.s.b.w.embedded.tomcat.TomcatWebServer  : Tomcat started on port(s): 8080 (http) with context path ''
2021-03-04 00:00:16.432  INFO 6568 --- [restartedMain] nju.se.zt.njucat.NjucatApplication       : Started NjucatApplication in 1.147 seconds (JVM running for 133.686)
2021-03-04 00:00:16.434  INFO 6568 --- [restartedMain] .ConditionEvaluationDeltaLoggingListener : Condition evaluation unchanged
2021-03-04 00:00:16.587  INFO 6568 --- [http-nio-8080-exec-3] o.a.c.c.C.[Tomcat].[localhost].[/]       : Initializing Spring DispatcherServlet 'dispatcherServlet'
2021-03-04 00:00:16.588  INFO 6568 --- [http-nio-8080-exec-3] o.s.web.servlet.DispatcherServlet        : Initializing Servlet 'dispatcherServlet'
2021-03-04 00:00:16.589  INFO 6568 --- [http-nio-8080-exec-3] o.s.web.servlet.DispatcherServlet        : Completed initialization in 1 ms
2021-03-04 00:17:08.867  INFO 4632 --- [restartedMain] nju.se.zt.njucat.NjucatApplication       : Starting NjucatApplication using Java 1.8.0_271 on DESKTOP-O8OBFFF with PID 4632 (D:\W\WorkSpace\njucat\target\classes started by taozheeng in D:\W\WorkSpace\njucat)
2021-03-04 00:17:08.869 DEBUG 4632 --- [restartedMain] nju.se.zt.njucat.NjucatApplication       : Running with Spring Boot v2.4.3, Spring v5.3.4
2021-03-04 00:17:08.869  INFO 4632 --- [restartedMain] nju.se.zt.njucat.NjucatApplication       : No active profile set, falling back to default profiles: default
2021-03-04 00:17:08.916  INFO 4632 --- [restartedMain] .e.DevToolsPropertyDefaultsPostProcessor : Devtools property defaults active! Set 'spring.devtools.add-properties' to 'false' to disable
2021-03-04 00:17:08.917  INFO 4632 --- [restartedMain] .e.DevToolsPropertyDefaultsPostProcessor : For additional web related logging consider setting the 'logging.level.web' property to 'DEBUG'
2021-03-04 00:17:09.443  INFO 4632 --- [restartedMain] .s.d.r.c.RepositoryConfigurationDelegate : Bootstrapping Spring Data JPA repositories in DEFAULT mode.
2021-03-04 00:17:09.480  INFO 4632 --- [restartedMain] .s.d.r.c.RepositoryConfigurationDelegate : Finished Spring Data repository scanning in 31 ms. Found 1 JPA repository interfaces.
2021-03-04 00:17:10.186  INFO 4632 --- [restartedMain] o.s.b.w.embedded.tomcat.TomcatWebServer  : Tomcat initialized with port(s): 8080 (http)
2021-03-04 00:17:10.197  INFO 4632 --- [restartedMain] o.apache.catalina.core.StandardService   : Starting service [Tomcat]
2021-03-04 00:17:10.197  INFO 4632 --- [restartedMain] org.apache.catalina.core.StandardEngine  : Starting Servlet engine: [Apache Tomcat/9.0.43]
2021-03-04 00:17:10.283  INFO 4632 --- [restartedMain] o.a.c.c.C.[Tomcat].[localhost].[/]       : Initializing Spring embedded WebApplicationContext
2021-03-04 00:17:10.284  INFO 4632 --- [restartedMain] w.s.c.ServletWebServerApplicationContext : Root WebApplicationContext: initialization completed in 1366 ms
2021-03-04 00:17:10.467  INFO 4632 --- [restartedMain] o.hibernate.jpa.internal.util.LogHelper  : HHH000204: Processing PersistenceUnitInfo [name: default]
2021-03-04 00:17:10.500  INFO 4632 --- [restartedMain] org.hibernate.Version                    : HHH000412: Hibernate ORM core version 5.4.28.Final
2021-03-04 00:17:10.635  INFO 4632 --- [restartedMain] o.hibernate.annotations.common.Version   : HCANN000001: Hibernate Commons Annotations {5.1.2.Final}
2021-03-04 00:17:10.708  INFO 4632 --- [restartedMain] com.zaxxer.hikari.HikariDataSource       : HikariPool-1 - Starting...
2021-03-04 00:17:11.200  INFO 4632 --- [restartedMain] com.zaxxer.hikari.HikariDataSource       : HikariPool-1 - Start completed.
2021-03-04 00:17:11.213  INFO 4632 --- [restartedMain] org.hibernate.dialect.Dialect            : HHH000400: Using dialect: org.hibernate.dialect.MySQL57Dialect
2021-03-04 00:17:11.697  INFO 4632 --- [restartedMain] o.h.e.t.j.p.i.JtaPlatformInitiator       : HHH000490: Using JtaPlatform implementation: [org.hibernate.engine.transaction.jta.platform.internal.NoJtaPlatform]
2021-03-04 00:17:11.704  INFO 4632 --- [restartedMain] j.LocalContainerEntityManagerFactoryBean : Initialized JPA EntityManagerFactory for persistence unit 'default'
2021-03-04 00:17:11.757  INFO 4632 --- [restartedMain] o.s.b.d.a.OptionalLiveReloadServer       : LiveReload server is running on port 35729
2021-03-04 00:17:12.203  WARN 4632 --- [restartedMain] JpaBaseConfiguration$JpaWebConfiguration : spring.jpa.open-in-view is enabled by default. Therefore, database queries may be performed during view rendering. Explicitly configure spring.jpa.open-in-view to disable this warning
2021-03-04 00:17:12.360  INFO 4632 --- [restartedMain] o.s.s.concurrent.ThreadPoolTaskExecutor  : Initializing ExecutorService 'applicationTaskExecutor'
2021-03-04 00:17:12.447  INFO 4632 --- [restartedMain] o.s.b.a.w.s.WelcomePageHandlerMapping    : Adding welcome page template: index
2021-03-04 00:17:12.673  INFO 4632 --- [restartedMain] o.s.b.w.embedded.tomcat.TomcatWebServer  : Tomcat started on port(s): 8080 (http) with context path ''
2021-03-04 00:17:12.681  INFO 4632 --- [restartedMain] nju.se.zt.njucat.NjucatApplication       : Started NjucatApplication in 4.259 seconds (JVM running for 5.169)
2021-03-04 00:17:27.115  INFO 4632 --- [http-nio-8080-exec-1] o.a.c.c.C.[Tomcat].[localhost].[/]       : Initializing Spring DispatcherServlet 'dispatcherServlet'
2021-03-04 00:17:27.115  INFO 4632 --- [http-nio-8080-exec-1] o.s.web.servlet.DispatcherServlet        : Initializing Servlet 'dispatcherServlet'
2021-03-04 00:17:27.116  INFO 4632 --- [http-nio-8080-exec-1] o.s.web.servlet.DispatcherServlet        : Completed initialization in 1 ms
2021-03-04 00:17:27.137  INFO 4632 --- [http-nio-8080-exec-1] nju.se.zt.njucat.aspect.LogAspect        : Request : {url=http://localhost:8080/login', ip=0:0:0:0:0:0:0:1', classMethod=nju.se.zt.njucat.web.IndexController.login', args=[]}
2021-03-04 00:17:27.145  INFO 4632 --- [http-nio-8080-exec-1] nju.se.zt.njucat.aspect.LogAspect        : Result: {}
2021-03-04 00:17:27.146  INFO 4632 --- [http-nio-8080-exec-1] nju.se.zt.njucat.aspect.LogAspect        : ------doAfter------
2021-03-04 00:22:55.013  INFO 14520 --- [restartedMain] nju.se.zt.njucat.NjucatApplication       : Starting NjucatApplication using Java 1.8.0_271 on DESKTOP-O8OBFFF with PID 14520 (D:\W\WorkSpace\njucat\target\classes started by taozheeng in D:\W\WorkSpace\njucat)
2021-03-04 00:22:55.015 DEBUG 14520 --- [restartedMain] nju.se.zt.njucat.NjucatApplication       : Running with Spring Boot v2.4.3, Spring v5.3.4
2021-03-04 00:22:55.015  INFO 14520 --- [restartedMain] nju.se.zt.njucat.NjucatApplication       : No active profile set, falling back to default profiles: default
2021-03-04 00:22:55.057  INFO 14520 --- [restartedMain] .e.DevToolsPropertyDefaultsPostProcessor : Devtools property defaults active! Set 'spring.devtools.add-properties' to 'false' to disable
2021-03-04 00:22:55.058  INFO 14520 --- [restartedMain] .e.DevToolsPropertyDefaultsPostProcessor : For additional web related logging consider setting the 'logging.level.web' property to 'DEBUG'
2021-03-04 00:22:55.540  INFO 14520 --- [restartedMain] .s.d.r.c.RepositoryConfigurationDelegate : Bootstrapping Spring Data JPA repositories in DEFAULT mode.
2021-03-04 00:22:55.577  INFO 14520 --- [restartedMain] .s.d.r.c.RepositoryConfigurationDelegate : Finished Spring Data repository scanning in 31 ms. Found 1 JPA repository interfaces.
2021-03-04 00:22:56.158  INFO 14520 --- [restartedMain] o.s.b.w.embedded.tomcat.TomcatWebServer  : Tomcat initialized with port(s): 8080 (http)
2021-03-04 00:22:56.165  INFO 14520 --- [restartedMain] o.apache.catalina.core.StandardService   : Starting service [Tomcat]
2021-03-04 00:22:56.166  INFO 14520 --- [restartedMain] org.apache.catalina.core.StandardEngine  : Starting Servlet engine: [Apache Tomcat/9.0.43]
2021-03-04 00:22:56.234  INFO 14520 --- [restartedMain] o.a.c.c.C.[Tomcat].[localhost].[/]       : Initializing Spring embedded WebApplicationContext
2021-03-04 00:22:56.234  INFO 14520 --- [restartedMain] w.s.c.ServletWebServerApplicationContext : Root WebApplicationContext: initialization completed in 1176 ms
2021-03-04 00:22:56.392  INFO 14520 --- [restartedMain] o.hibernate.jpa.internal.util.LogHelper  : HHH000204: Processing PersistenceUnitInfo [name: default]
2021-03-04 00:22:56.426  INFO 14520 --- [restartedMain] org.hibernate.Version                    : HHH000412: Hibernate ORM core version 5.4.28.Final
2021-03-04 00:22:56.579  INFO 14520 --- [restartedMain] o.hibernate.annotations.common.Version   : HCANN000001: Hibernate Commons Annotations {5.1.2.Final}
2021-03-04 00:22:56.652  INFO 14520 --- [restartedMain] com.zaxxer.hikari.HikariDataSource       : HikariPool-1 - Starting...
2021-03-04 00:22:57.145  INFO 14520 --- [restartedMain] com.zaxxer.hikari.HikariDataSource       : HikariPool-1 - Start completed.
2021-03-04 00:22:57.159  INFO 14520 --- [restartedMain] org.hibernate.dialect.Dialect            : HHH000400: Using dialect: org.hibernate.dialect.MySQL57Dialect
2021-03-04 00:22:57.715  INFO 14520 --- [restartedMain] o.h.e.t.j.p.i.JtaPlatformInitiator       : HHH000490: Using JtaPlatform implementation: [org.hibernate.engine.transaction.jta.platform.internal.NoJtaPlatform]
2021-03-04 00:22:57.724  INFO 14520 --- [restartedMain] j.LocalContainerEntityManagerFactoryBean : Initialized JPA EntityManagerFactory for persistence unit 'default'
2021-03-04 00:22:57.793  INFO 14520 --- [restartedMain] o.s.b.d.a.OptionalLiveReloadServer       : LiveReload server is running on port 35729
2021-03-04 00:22:58.273  WARN 14520 --- [restartedMain] JpaBaseConfiguration$JpaWebConfiguration : spring.jpa.open-in-view is enabled by default. Therefore, database queries may be performed during view rendering. Explicitly configure spring.jpa.open-in-view to disable this warning
2021-03-04 00:22:58.460  INFO 14520 --- [restartedMain] o.s.s.concurrent.ThreadPoolTaskExecutor  : Initializing ExecutorService 'applicationTaskExecutor'
2021-03-04 00:22:58.557  INFO 14520 --- [restartedMain] o.s.b.a.w.s.WelcomePageHandlerMapping    : Adding welcome page template: index
2021-03-04 00:22:58.805  INFO 14520 --- [restartedMain] o.s.b.w.embedded.tomcat.TomcatWebServer  : Tomcat started on port(s): 8080 (http) with context path ''
2021-03-04 00:22:58.813  INFO 14520 --- [restartedMain] nju.se.zt.njucat.NjucatApplication       : Started NjucatApplication in 4.246 seconds (JVM running for 5.289)
2021-03-04 00:23:01.806  INFO 14520 --- [http-nio-8080-exec-1] o.a.c.c.C.[Tomcat].[localhost].[/]       : Initializing Spring DispatcherServlet 'dispatcherServlet'
2021-03-04 00:23:01.807  INFO 14520 --- [http-nio-8080-exec-1] o.s.web.servlet.DispatcherServlet        : Initializing Servlet 'dispatcherServlet'
2021-03-04 00:23:01.808  INFO 14520 --- [http-nio-8080-exec-1] o.s.web.servlet.DispatcherServlet        : Completed initialization in 1 ms
2021-03-04 00:26:26.649  INFO 16688 --- [restartedMain] nju.se.zt.njucat.NjucatApplication       : Starting NjucatApplication using Java 1.8.0_271 on DESKTOP-O8OBFFF with PID 16688 (D:\W\WorkSpace\njucat\target\classes started by taozheeng in D:\W\WorkSpace\njucat)
2021-03-04 00:26:26.652 DEBUG 16688 --- [restartedMain] nju.se.zt.njucat.NjucatApplication       : Running with Spring Boot v2.4.3, Spring v5.3.4
2021-03-04 00:26:26.652  INFO 16688 --- [restartedMain] nju.se.zt.njucat.NjucatApplication       : No active profile set, falling back to default profiles: default
2021-03-04 00:26:26.704  INFO 16688 --- [restartedMain] .e.DevToolsPropertyDefaultsPostProcessor : Devtools property defaults active! Set 'spring.devtools.add-properties' to 'false' to disable
2021-03-04 00:26:26.705  INFO 16688 --- [restartedMain] .e.DevToolsPropertyDefaultsPostProcessor : For additional web related logging consider setting the 'logging.level.web' property to 'DEBUG'
2021-03-04 00:26:27.213  INFO 16688 --- [restartedMain] .s.d.r.c.RepositoryConfigurationDelegate : Bootstrapping Spring Data JPA repositories in DEFAULT mode.
2021-03-04 00:26:27.270  INFO 16688 --- [restartedMain] .s.d.r.c.RepositoryConfigurationDelegate : Finished Spring Data repository scanning in 46 ms. Found 1 JPA repository interfaces.
2021-03-04 00:26:27.968  INFO 16688 --- [restartedMain] o.s.b.w.embedded.tomcat.TomcatWebServer  : Tomcat initialized with port(s): 8080 (http)
2021-03-04 00:26:27.976  INFO 16688 --- [restartedMain] o.apache.catalina.core.StandardService   : Starting service [Tomcat]
2021-03-04 00:26:27.976  INFO 16688 --- [restartedMain] org.apache.catalina.core.StandardEngine  : Starting Servlet engine: [Apache Tomcat/9.0.43]
2021-03-04 00:26:28.053  INFO 16688 --- [restartedMain] o.a.c.c.C.[Tomcat].[localhost].[/]       : Initializing Spring embedded WebApplicationContext
2021-03-04 00:26:28.054  INFO 16688 --- [restartedMain] w.s.c.ServletWebServerApplicationContext : Root WebApplicationContext: initialization completed in 1342 ms
2021-03-04 00:26:28.216  INFO 16688 --- [restartedMain] o.hibernate.jpa.internal.util.LogHelper  : HHH000204: Processing PersistenceUnitInfo [name: default]
2021-03-04 00:26:28.251  INFO 16688 --- [restartedMain] org.hibernate.Version                    : HHH000412: Hibernate ORM core version 5.4.28.Final
2021-03-04 00:26:28.396  INFO 16688 --- [restartedMain] o.hibernate.annotations.common.Version   : HCANN000001: Hibernate Commons Annotations {5.1.2.Final}
2021-03-04 00:26:28.473  INFO 16688 --- [restartedMain] com.zaxxer.hikari.HikariDataSource       : HikariPool-1 - Starting...
2021-03-04 00:26:28.956  INFO 16688 --- [restartedMain] com.zaxxer.hikari.HikariDataSource       : HikariPool-1 - Start completed.
2021-03-04 00:26:28.969  INFO 16688 --- [restartedMain] org.hibernate.dialect.Dialect            : HHH000400: Using dialect: org.hibernate.dialect.MySQL57Dialect
2021-03-04 00:26:29.451  INFO 16688 --- [restartedMain] o.h.e.t.j.p.i.JtaPlatformInitiator       : HHH000490: Using JtaPlatform implementation: [org.hibernate.engine.transaction.jta.platform.internal.NoJtaPlatform]
2021-03-04 00:26:29.459  INFO 16688 --- [restartedMain] j.LocalContainerEntityManagerFactoryBean : Initialized JPA EntityManagerFactory for persistence unit 'default'
2021-03-04 00:26:29.510  INFO 16688 --- [restartedMain] o.s.b.d.a.OptionalLiveReloadServer       : LiveReload server is running on port 35729
2021-03-04 00:26:29.981  WARN 16688 --- [restartedMain] JpaBaseConfiguration$JpaWebConfiguration : spring.jpa.open-in-view is enabled by default. Therefore, database queries may be performed during view rendering. Explicitly configure spring.jpa.open-in-view to disable this warning
2021-03-04 00:26:30.126  INFO 16688 --- [restartedMain] o.s.s.concurrent.ThreadPoolTaskExecutor  : Initializing ExecutorService 'applicationTaskExecutor'
2021-03-04 00:26:30.214  INFO 16688 --- [restartedMain] o.s.b.a.w.s.WelcomePageHandlerMapping    : Adding welcome page template: index
2021-03-04 00:26:30.459  INFO 16688 --- [restartedMain] o.s.b.w.embedded.tomcat.TomcatWebServer  : Tomcat started on port(s): 8080 (http) with context path ''
2021-03-04 00:26:30.467  INFO 16688 --- [restartedMain] nju.se.zt.njucat.NjucatApplication       : Started NjucatApplication in 4.297 seconds (JVM running for 5.118)
2021-03-04 00:26:34.786  INFO 16688 --- [http-nio-8080-exec-1] o.a.c.c.C.[Tomcat].[localhost].[/]       : Initializing Spring DispatcherServlet 'dispatcherServlet'
2021-03-04 00:26:34.787  INFO 16688 --- [http-nio-8080-exec-1] o.s.web.servlet.DispatcherServlet        : Initializing Servlet 'dispatcherServlet'
2021-03-04 00:26:34.788  INFO 16688 --- [http-nio-8080-exec-1] o.s.web.servlet.DispatcherServlet        : Completed initialization in 1 ms
2021-03-04 00:31:00.066  INFO 12040 --- [restartedMain] nju.se.zt.njucat.NjucatApplication       : Starting NjucatApplication using Java 1.8.0_271 on DESKTOP-O8OBFFF with PID 12040 (D:\W\WorkSpace\njucat\target\classes started by taozheeng in D:\W\WorkSpace\njucat)
2021-03-04 00:31:00.068 DEBUG 12040 --- [restartedMain] nju.se.zt.njucat.NjucatApplication       : Running with Spring Boot v2.4.3, Spring v5.3.4
2021-03-04 00:31:00.069  INFO 12040 --- [restartedMain] nju.se.zt.njucat.NjucatApplication       : No active profile set, falling back to default profiles: default
2021-03-04 00:31:00.118  INFO 12040 --- [restartedMain] .e.DevToolsPropertyDefaultsPostProcessor : Devtools property defaults active! Set 'spring.devtools.add-properties' to 'false' to disable
2021-03-04 00:31:00.118  INFO 12040 --- [restartedMain] .e.DevToolsPropertyDefaultsPostProcessor : For additional web related logging consider setting the 'logging.level.web' property to 'DEBUG'
2021-03-04 00:31:00.614  INFO 12040 --- [restartedMain] .s.d.r.c.RepositoryConfigurationDelegate : Bootstrapping Spring Data JPA repositories in DEFAULT mode.
2021-03-04 00:31:00.650  INFO 12040 --- [restartedMain] .s.d.r.c.RepositoryConfigurationDelegate : Finished Spring Data repository scanning in 31 ms. Found 1 JPA repository interfaces.
2021-03-04 00:31:01.262  INFO 12040 --- [restartedMain] o.s.b.w.embedded.tomcat.TomcatWebServer  : Tomcat initialized with port(s): 8080 (http)
2021-03-04 00:31:01.271  INFO 12040 --- [restartedMain] o.apache.catalina.core.StandardService   : Starting service [Tomcat]
2021-03-04 00:31:01.271  INFO 12040 --- [restartedMain] org.apache.catalina.core.StandardEngine  : Starting Servlet engine: [Apache Tomcat/9.0.43]
2021-03-04 00:31:01.345  INFO 12040 --- [restartedMain] o.a.c.c.C.[Tomcat].[localhost].[/]       : Initializing Spring embedded WebApplicationContext
2021-03-04 00:31:01.345  INFO 12040 --- [restartedMain] w.s.c.ServletWebServerApplicationContext : Root WebApplicationContext: initialization completed in 1226 ms
2021-03-04 00:31:01.505  INFO 12040 --- [restartedMain] o.hibernate.jpa.internal.util.LogHelper  : HHH000204: Processing PersistenceUnitInfo [name: default]
2021-03-04 00:31:01.535  INFO 12040 --- [restartedMain] org.hibernate.Version                    : HHH000412: Hibernate ORM core version 5.4.28.Final
2021-03-04 00:31:01.654  INFO 12040 --- [restartedMain] o.hibernate.annotations.common.Version   : HCANN000001: Hibernate Commons Annotations {5.1.2.Final}
2021-03-04 00:31:01.724  INFO 12040 --- [restartedMain] com.zaxxer.hikari.HikariDataSource       : HikariPool-1 - Starting...
2021-03-04 00:31:02.277  INFO 12040 --- [restartedMain] com.zaxxer.hikari.HikariDataSource       : HikariPool-1 - Start completed.
2021-03-04 00:31:02.291  INFO 12040 --- [restartedMain] org.hibernate.dialect.Dialect            : HHH000400: Using dialect: org.hibernate.dialect.MySQL57Dialect
2021-03-04 00:31:02.781  INFO 12040 --- [restartedMain] o.h.e.t.j.p.i.JtaPlatformInitiator       : HHH000490: Using JtaPlatform implementation: [org.hibernate.engine.transaction.jta.platform.internal.NoJtaPlatform]
2021-03-04 00:31:02.788  INFO 12040 --- [restartedMain] j.LocalContainerEntityManagerFactoryBean : Initialized JPA EntityManagerFactory for persistence unit 'default'
2021-03-04 00:31:02.840  INFO 12040 --- [restartedMain] o.s.b.d.a.OptionalLiveReloadServer       : LiveReload server is running on port 35729
2021-03-04 00:31:03.316  WARN 12040 --- [restartedMain] JpaBaseConfiguration$JpaWebConfiguration : spring.jpa.open-in-view is enabled by default. Therefore, database queries may be performed during view rendering. Explicitly configure spring.jpa.open-in-view to disable this warning
2021-03-04 00:31:03.473  INFO 12040 --- [restartedMain] o.s.s.concurrent.ThreadPoolTaskExecutor  : Initializing ExecutorService 'applicationTaskExecutor'
2021-03-04 00:31:03.557  INFO 12040 --- [restartedMain] o.s.b.a.w.s.WelcomePageHandlerMapping    : Adding welcome page template: index
2021-03-04 00:31:03.777  INFO 12040 --- [restartedMain] o.s.b.w.embedded.tomcat.TomcatWebServer  : Tomcat started on port(s): 8080 (http) with context path ''
2021-03-04 00:31:03.785  INFO 12040 --- [restartedMain] nju.se.zt.njucat.NjucatApplication       : Started NjucatApplication in 4.121 seconds (JVM running for 4.913)
2021-03-04 00:31:07.075  INFO 12040 --- [http-nio-8080-exec-1] o.a.c.c.C.[Tomcat].[localhost].[/]       : Initializing Spring DispatcherServlet 'dispatcherServlet'
2021-03-04 00:31:07.076  INFO 12040 --- [http-nio-8080-exec-1] o.s.web.servlet.DispatcherServlet        : Initializing Servlet 'dispatcherServlet'
2021-03-04 00:31:07.077  INFO 12040 --- [http-nio-8080-exec-1] o.s.web.servlet.DispatcherServlet        : Completed initialization in 1 ms
2021-03-04 00:44:07.399  INFO 16068 --- [restartedMain] nju.se.zt.njucat.NjucatApplication       : Starting NjucatApplication using Java 1.8.0_271 on DESKTOP-O8OBFFF with PID 16068 (D:\W\WorkSpace\njucat\target\classes started by taozheeng in D:\W\WorkSpace\njucat)
2021-03-04 00:44:07.402 DEBUG 16068 --- [restartedMain] nju.se.zt.njucat.NjucatApplication       : Running with Spring Boot v2.4.3, Spring v5.3.4
2021-03-04 00:44:07.402  INFO 16068 --- [restartedMain] nju.se.zt.njucat.NjucatApplication       : No active profile set, falling back to default profiles: default
2021-03-04 00:44:07.451  INFO 16068 --- [restartedMain] .e.DevToolsPropertyDefaultsPostProcessor : Devtools property defaults active! Set 'spring.devtools.add-properties' to 'false' to disable
2021-03-04 00:44:07.452  INFO 16068 --- [restartedMain] .e.DevToolsPropertyDefaultsPostProcessor : For additional web related logging consider setting the 'logging.level.web' property to 'DEBUG'
2021-03-04 00:44:07.925  INFO 16068 --- [restartedMain] .s.d.r.c.RepositoryConfigurationDelegate : Bootstrapping Spring Data JPA repositories in DEFAULT mode.
2021-03-04 00:44:07.962  INFO 16068 --- [restartedMain] .s.d.r.c.RepositoryConfigurationDelegate : Finished Spring Data repository scanning in 30 ms. Found 1 JPA repository interfaces.
2021-03-04 00:44:08.528  INFO 16068 --- [restartedMain] o.s.b.w.embedded.tomcat.TomcatWebServer  : Tomcat initialized with port(s): 8080 (http)
2021-03-04 00:44:08.535  INFO 16068 --- [restartedMain] o.apache.catalina.core.StandardService   : Starting service [Tomcat]
2021-03-04 00:44:08.535  INFO 16068 --- [restartedMain] org.apache.catalina.core.StandardEngine  : Starting Servlet engine: [Apache Tomcat/9.0.43]
2021-03-04 00:44:08.601  INFO 16068 --- [restartedMain] o.a.c.c.C.[Tomcat].[localhost].[/]       : Initializing Spring embedded WebApplicationContext
2021-03-04 00:44:08.601  INFO 16068 --- [restartedMain] w.s.c.ServletWebServerApplicationContext : Root WebApplicationContext: initialization completed in 1148 ms
2021-03-04 00:44:08.754  INFO 16068 --- [restartedMain] o.hibernate.jpa.internal.util.LogHelper  : HHH000204: Processing PersistenceUnitInfo [name: default]
2021-03-04 00:44:08.786  INFO 16068 --- [restartedMain] org.hibernate.Version                    : HHH000412: Hibernate ORM core version 5.4.28.Final
2021-03-04 00:44:08.920  INFO 16068 --- [restartedMain] o.hibernate.annotations.common.Version   : HCANN000001: Hibernate Commons Annotations {5.1.2.Final}
2021-03-04 00:44:08.986  INFO 16068 --- [restartedMain] com.zaxxer.hikari.HikariDataSource       : HikariPool-1 - Starting...
2021-03-04 00:44:09.449  INFO 16068 --- [restartedMain] com.zaxxer.hikari.HikariDataSource       : HikariPool-1 - Start completed.
2021-03-04 00:44:09.463  INFO 16068 --- [restartedMain] org.hibernate.dialect.Dialect            : HHH000400: Using dialect: org.hibernate.dialect.MySQL57Dialect
2021-03-04 00:44:09.917  INFO 16068 --- [restartedMain] o.h.e.t.j.p.i.JtaPlatformInitiator       : HHH000490: Using JtaPlatform implementation: [org.hibernate.engine.transaction.jta.platform.internal.NoJtaPlatform]
2021-03-04 00:44:09.924  INFO 16068 --- [restartedMain] j.LocalContainerEntityManagerFactoryBean : Initialized JPA EntityManagerFactory for persistence unit 'default'
2021-03-04 00:44:09.986  INFO 16068 --- [restartedMain] o.s.b.d.a.OptionalLiveReloadServer       : LiveReload server is running on port 35729
2021-03-04 00:44:10.422  WARN 16068 --- [restartedMain] JpaBaseConfiguration$JpaWebConfiguration : spring.jpa.open-in-view is enabled by default. Therefore, database queries may be performed during view rendering. Explicitly configure spring.jpa.open-in-view to disable this warning
2021-03-04 00:44:10.568  INFO 16068 --- [restartedMain] o.s.s.concurrent.ThreadPoolTaskExecutor  : Initializing ExecutorService 'applicationTaskExecutor'
2021-03-04 00:44:10.648  INFO 16068 --- [restartedMain] o.s.b.a.w.s.WelcomePageHandlerMapping    : Adding welcome page template: index
2021-03-04 00:44:10.865  INFO 16068 --- [restartedMain] o.s.b.w.embedded.tomcat.TomcatWebServer  : Tomcat started on port(s): 8080 (http) with context path ''
2021-03-04 00:44:10.873  INFO 16068 --- [restartedMain] nju.se.zt.njucat.NjucatApplication       : Started NjucatApplication in 3.983 seconds (JVM running for 4.945)
2021-03-04 00:44:17.759  INFO 16068 --- [http-nio-8080-exec-1] o.a.c.c.C.[Tomcat].[localhost].[/]       : Initializing Spring DispatcherServlet 'dispatcherServlet'
2021-03-04 00:44:17.759  INFO 16068 --- [http-nio-8080-exec-1] o.s.web.servlet.DispatcherServlet        : Initializing Servlet 'dispatcherServlet'
2021-03-04 00:44:17.760  INFO 16068 --- [http-nio-8080-exec-1] o.s.web.servlet.DispatcherServlet        : Completed initialization in 0 ms
2021-03-04 00:44:17.931  INFO 16068 --- [http-nio-8080-exec-1] nju.se.zt.njucat.aspect.LogAspect        : Request : {url=http://localhost:8080/', ip=0:0:0:0:0:0:0:1', classMethod=nju.se.zt.njucat.web.IndexController.index', args=[]}
2021-03-04 00:44:17.940  INFO 16068 --- [http-nio-8080-exec-1] nju.se.zt.njucat.aspect.LogAspect        : Result: {}
2021-03-04 00:44:17.940  INFO 16068 --- [http-nio-8080-exec-1] nju.se.zt.njucat.aspect.LogAspect        : ------doAfter------
2021-03-04 00:44:24.005  INFO 16068 --- [http-nio-8080-exec-1] nju.se.zt.njucat.aspect.LogAspect        : Request : {url=http://localhost:8080/login', ip=0:0:0:0:0:0:0:1', classMethod=nju.se.zt.njucat.web.IndexController.login', args=[]}
2021-03-04 00:44:24.005  INFO 16068 --- [http-nio-8080-exec-1] nju.se.zt.njucat.aspect.LogAspect        : Result: {}
2021-03-04 00:44:24.005  INFO 16068 --- [http-nio-8080-exec-1] nju.se.zt.njucat.aspect.LogAspect        : ------doAfter------
2021-03-04 00:45:16.590  INFO 14836 --- [restartedMain] nju.se.zt.njucat.NjucatApplication       : Starting NjucatApplication using Java 1.8.0_271 on DESKTOP-O8OBFFF with PID 14836 (D:\W\WorkSpace\njucat\target\classes started by taozheeng in D:\W\WorkSpace\njucat)
2021-03-04 00:45:16.593 DEBUG 14836 --- [restartedMain] nju.se.zt.njucat.NjucatApplication       : Running with Spring Boot v2.4.3, Spring v5.3.4
2021-03-04 00:45:16.593  INFO 14836 --- [restartedMain] nju.se.zt.njucat.NjucatApplication       : No active profile set, falling back to default profiles: default
2021-03-04 00:45:16.648  INFO 14836 --- [restartedMain] .e.DevToolsPropertyDefaultsPostProcessor : Devtools property defaults active! Set 'spring.devtools.add-properties' to 'false' to disable
2021-03-04 00:45:16.648  INFO 14836 --- [restartedMain] .e.DevToolsPropertyDefaultsPostProcessor : For additional web related logging consider setting the 'logging.level.web' property to 'DEBUG'
2021-03-04 00:45:17.208  INFO 14836 --- [restartedMain] .s.d.r.c.RepositoryConfigurationDelegate : Bootstrapping Spring Data JPA repositories in DEFAULT mode.
2021-03-04 00:45:17.254  INFO 14836 --- [restartedMain] .s.d.r.c.RepositoryConfigurationDelegate : Finished Spring Data repository scanning in 38 ms. Found 1 JPA repository interfaces.
2021-03-04 00:45:17.930  INFO 14836 --- [restartedMain] o.s.b.w.embedded.tomcat.TomcatWebServer  : Tomcat initialized with port(s): 8080 (http)
2021-03-04 00:45:17.939  INFO 14836 --- [restartedMain] o.apache.catalina.core.StandardService   : Starting service [Tomcat]
2021-03-04 00:45:17.939  INFO 14836 --- [restartedMain] org.apache.catalina.core.StandardEngine  : Starting Servlet engine: [Apache Tomcat/9.0.43]
2021-03-04 00:45:18.021  INFO 14836 --- [restartedMain] o.a.c.c.C.[Tomcat].[localhost].[/]       : Initializing Spring embedded WebApplicationContext
2021-03-04 00:45:18.021  INFO 14836 --- [restartedMain] w.s.c.ServletWebServerApplicationContext : Root WebApplicationContext: initialization completed in 1372 ms
2021-03-04 00:45:18.233  INFO 14836 --- [restartedMain] o.hibernate.jpa.internal.util.LogHelper  : HHH000204: Processing PersistenceUnitInfo [name: default]
2021-03-04 00:45:18.346  INFO 14836 --- [restartedMain] org.hibernate.Version                    : HHH000412: Hibernate ORM core version 5.4.28.Final
2021-03-04 00:45:18.459  INFO 14836 --- [restartedMain] o.hibernate.annotations.common.Version   : HCANN000001: Hibernate Commons Annotations {5.1.2.Final}
2021-03-04 00:45:18.560  INFO 14836 --- [restartedMain] com.zaxxer.hikari.HikariDataSource       : HikariPool-1 - Starting...
2021-03-04 00:45:19.080  INFO 14836 --- [restartedMain] com.zaxxer.hikari.HikariDataSource       : HikariPool-1 - Start completed.
2021-03-04 00:45:19.099  INFO 14836 --- [restartedMain] org.hibernate.dialect.Dialect            : HHH000400: Using dialect: org.hibernate.dialect.MySQL57Dialect
2021-03-04 00:45:19.705  INFO 14836 --- [restartedMain] o.h.e.t.j.p.i.JtaPlatformInitiator       : HHH000490: Using JtaPlatform implementation: [org.hibernate.engine.transaction.jta.platform.internal.NoJtaPlatform]
2021-03-04 00:45:19.715  INFO 14836 --- [restartedMain] j.LocalContainerEntityManagerFactoryBean : Initialized JPA EntityManagerFactory for persistence unit 'default'
2021-03-04 00:45:19.805  INFO 14836 --- [restartedMain] o.s.b.d.a.OptionalLiveReloadServer       : LiveReload server is running on port 35729
2021-03-04 00:45:20.340  WARN 14836 --- [restartedMain] JpaBaseConfiguration$JpaWebConfiguration : spring.jpa.open-in-view is enabled by default. Therefore, database queries may be performed during view rendering. Explicitly configure spring.jpa.open-in-view to disable this warning
2021-03-04 00:45:20.547  INFO 14836 --- [restartedMain] o.s.s.concurrent.ThreadPoolTaskExecutor  : Initializing ExecutorService 'applicationTaskExecutor'
2021-03-04 00:45:20.649  INFO 14836 --- [restartedMain] o.s.b.a.w.s.WelcomePageHandlerMapping    : Adding welcome page template: index
2021-03-04 00:45:20.966  INFO 14836 --- [restartedMain] o.s.b.w.embedded.tomcat.TomcatWebServer  : Tomcat started on port(s): 8080 (http) with context path ''
2021-03-04 00:45:20.975  INFO 14836 --- [restartedMain] nju.se.zt.njucat.NjucatApplication       : Started NjucatApplication in 4.776 seconds (JVM running for 6.381)
2021-03-04 00:45:35.320  INFO 14836 --- [http-nio-8080-exec-1] o.a.c.c.C.[Tomcat].[localhost].[/]       : Initializing Spring DispatcherServlet 'dispatcherServlet'
2021-03-04 00:45:35.321  INFO 14836 --- [http-nio-8080-exec-1] o.s.web.servlet.DispatcherServlet        : Initializing Servlet 'dispatcherServlet'
2021-03-04 00:45:35.322  INFO 14836 --- [http-nio-8080-exec-1] o.s.web.servlet.DispatcherServlet        : Completed initialization in 1 ms
2021-03-04 00:45:43.290  INFO 14836 --- [SpringContextShutdownHook] o.s.s.concurrent.ThreadPoolTaskExecutor  : Shutting down ExecutorService 'applicationTaskExecutor'
2021-03-04 00:45:43.290  INFO 14836 --- [SpringContextShutdownHook] j.LocalContainerEntityManagerFactoryBean : Closing JPA EntityManagerFactory for persistence unit 'default'
2021-03-04 00:45:43.293  INFO 14836 --- [SpringContextShutdownHook] com.zaxxer.hikari.HikariDataSource       : HikariPool-1 - Shutdown initiated...
2021-03-04 00:45:43.298  INFO 14836 --- [SpringContextShutdownHook] com.zaxxer.hikari.HikariDataSource       : HikariPool-1 - Shutdown completed.
2021-03-04 01:04:31.443  INFO 22040 --- [restartedMain] nju.se.zt.njucat.NjucatApplication       : Starting NjucatApplication using Java 1.8.0_271 on DESKTOP-O8OBFFF with PID 22040 (D:\W\WorkSpace\njucat\target\classes started by taozheeng in D:\W\WorkSpace\njucat)
2021-03-04 01:04:31.451 DEBUG 22040 --- [restartedMain] nju.se.zt.njucat.NjucatApplication       : Running with Spring Boot v2.4.3, Spring v5.3.4
2021-03-04 01:04:31.452  INFO 22040 --- [restartedMain] nju.se.zt.njucat.NjucatApplication       : No active profile set, falling back to default profiles: default
2021-03-04 01:04:31.501  INFO 22040 --- [restartedMain] .e.DevToolsPropertyDefaultsPostProcessor : Devtools property defaults active! Set 'spring.devtools.add-properties' to 'false' to disable
2021-03-04 01:04:31.502  INFO 22040 --- [restartedMain] .e.DevToolsPropertyDefaultsPostProcessor : For additional web related logging consider setting the 'logging.level.web' property to 'DEBUG'
2021-03-04 01:04:32.005  INFO 22040 --- [restartedMain] .s.d.r.c.RepositoryConfigurationDelegate : Bootstrapping Spring Data JPA repositories in DEFAULT mode.
2021-03-04 01:04:32.042  INFO 22040 --- [restartedMain] .s.d.r.c.RepositoryConfigurationDelegate : Finished Spring Data repository scanning in 30 ms. Found 1 JPA repository interfaces.
2021-03-04 01:04:32.633  INFO 22040 --- [restartedMain] o.s.b.w.embedded.tomcat.TomcatWebServer  : Tomcat initialized with port(s): 8080 (http)
2021-03-04 01:04:32.640  INFO 22040 --- [restartedMain] o.apache.catalina.core.StandardService   : Starting service [Tomcat]
2021-03-04 01:04:32.640  INFO 22040 --- [restartedMain] org.apache.catalina.core.StandardEngine  : Starting Servlet engine: [Apache Tomcat/9.0.43]
2021-03-04 01:04:32.707  INFO 22040 --- [restartedMain] o.a.c.c.C.[Tomcat].[localhost].[/]       : Initializing Spring embedded WebApplicationContext
2021-03-04 01:04:32.707  INFO 22040 --- [restartedMain] w.s.c.ServletWebServerApplicationContext : Root WebApplicationContext: initialization completed in 1204 ms
2021-03-04 01:04:32.862  INFO 22040 --- [restartedMain] o.hibernate.jpa.internal.util.LogHelper  : HHH000204: Processing PersistenceUnitInfo [name: default]
2021-03-04 01:04:32.899  INFO 22040 --- [restartedMain] org.hibernate.Version                    : HHH000412: Hibernate ORM core version 5.4.28.Final
2021-03-04 01:04:33.036  INFO 22040 --- [restartedMain] o.hibernate.annotations.common.Version   : HCANN000001: Hibernate Commons Annotations {5.1.2.Final}
2021-03-04 01:04:33.107  INFO 22040 --- [restartedMain] com.zaxxer.hikari.HikariDataSource       : HikariPool-1 - Starting...
2021-03-04 01:04:33.574  INFO 22040 --- [restartedMain] com.zaxxer.hikari.HikariDataSource       : HikariPool-1 - Start completed.
2021-03-04 01:04:33.587  INFO 22040 --- [restartedMain] org.hibernate.dialect.Dialect            : HHH000400: Using dialect: org.hibernate.dialect.MySQL57Dialect
2021-03-04 01:04:34.050  INFO 22040 --- [restartedMain] o.h.e.t.j.p.i.JtaPlatformInitiator       : HHH000490: Using JtaPlatform implementation: [org.hibernate.engine.transaction.jta.platform.internal.NoJtaPlatform]
2021-03-04 01:04:34.057  INFO 22040 --- [restartedMain] j.LocalContainerEntityManagerFactoryBean : Initialized JPA EntityManagerFactory for persistence unit 'default'
2021-03-04 01:04:34.109  INFO 22040 --- [restartedMain] o.s.b.d.a.OptionalLiveReloadServer       : LiveReload server is running on port 35729
2021-03-04 01:04:34.548  WARN 22040 --- [restartedMain] JpaBaseConfiguration$JpaWebConfiguration : spring.jpa.open-in-view is enabled by default. Therefore, database queries may be performed during view rendering. Explicitly configure spring.jpa.open-in-view to disable this warning
2021-03-04 01:04:34.694  INFO 22040 --- [restartedMain] o.s.s.concurrent.ThreadPoolTaskExecutor  : Initializing ExecutorService 'applicationTaskExecutor'
2021-03-04 01:04:34.775  INFO 22040 --- [restartedMain] o.s.b.a.w.s.WelcomePageHandlerMapping    : Adding welcome page template: index
2021-03-04 01:04:34.995  INFO 22040 --- [restartedMain] o.s.b.w.embedded.tomcat.TomcatWebServer  : Tomcat started on port(s): 8080 (http) with context path ''
2021-03-04 01:04:35.002  INFO 22040 --- [restartedMain] nju.se.zt.njucat.NjucatApplication       : Started NjucatApplication in 3.931 seconds (JVM running for 4.754)
2021-03-04 01:05:25.027  INFO 20216 --- [restartedMain] nju.se.zt.njucat.NjucatApplication       : Starting NjucatApplication using Java 1.8.0_271 on DESKTOP-O8OBFFF with PID 20216 (D:\W\WorkSpace\njucat\target\classes started by taozheeng in D:\W\WorkSpace\njucat)
2021-03-04 01:05:25.029 DEBUG 20216 --- [restartedMain] nju.se.zt.njucat.NjucatApplication       : Running with Spring Boot v2.4.3, Spring v5.3.4
2021-03-04 01:05:25.029  INFO 20216 --- [restartedMain] nju.se.zt.njucat.NjucatApplication       : No active profile set, falling back to default profiles: default
2021-03-04 01:05:25.081  INFO 20216 --- [restartedMain] .e.DevToolsPropertyDefaultsPostProcessor : Devtools property defaults active! Set 'spring.devtools.add-properties' to 'false' to disable
2021-03-04 01:05:25.081  INFO 20216 --- [restartedMain] .e.DevToolsPropertyDefaultsPostProcessor : For additional web related logging consider setting the 'logging.level.web' property to 'DEBUG'
2021-03-04 01:05:25.607  INFO 20216 --- [restartedMain] .s.d.r.c.RepositoryConfigurationDelegate : Bootstrapping Spring Data JPA repositories in DEFAULT mode.
2021-03-04 01:05:25.648  INFO 20216 --- [restartedMain] .s.d.r.c.RepositoryConfigurationDelegate : Finished Spring Data repository scanning in 33 ms. Found 1 JPA repository interfaces.
2021-03-04 01:05:26.273  INFO 20216 --- [restartedMain] o.s.b.w.embedded.tomcat.TomcatWebServer  : Tomcat initialized with port(s): 8080 (http)
2021-03-04 01:05:26.279  INFO 20216 --- [restartedMain] o.apache.catalina.core.StandardService   : Starting service [Tomcat]
2021-03-04 01:05:26.279  INFO 20216 --- [restartedMain] org.apache.catalina.core.StandardEngine  : Starting Servlet engine: [Apache Tomcat/9.0.43]
2021-03-04 01:05:26.352  INFO 20216 --- [restartedMain] o.a.c.c.C.[Tomcat].[localhost].[/]       : Initializing Spring embedded WebApplicationContext
2021-03-04 01:05:26.352  INFO 20216 --- [restartedMain] w.s.c.ServletWebServerApplicationContext : Root WebApplicationContext: initialization completed in 1270 ms
2021-03-04 01:05:26.515  INFO 20216 --- [restartedMain] o.hibernate.jpa.internal.util.LogHelper  : HHH000204: Processing PersistenceUnitInfo [name: default]
2021-03-04 01:05:26.545  INFO 20216 --- [restartedMain] org.hibernate.Version                    : HHH000412: Hibernate ORM core version 5.4.28.Final
2021-03-04 01:05:26.678  INFO 20216 --- [restartedMain] o.hibernate.annotations.common.Version   : HCANN000001: Hibernate Commons Annotations {5.1.2.Final}
2021-03-04 01:05:26.746  INFO 20216 --- [restartedMain] com.zaxxer.hikari.HikariDataSource       : HikariPool-1 - Starting...
2021-03-04 01:05:27.207  INFO 20216 --- [restartedMain] com.zaxxer.hikari.HikariDataSource       : HikariPool-1 - Start completed.
2021-03-04 01:05:27.220  INFO 20216 --- [restartedMain] org.hibernate.dialect.Dialect            : HHH000400: Using dialect: org.hibernate.dialect.MySQL57Dialect
2021-03-04 01:05:27.715  INFO 20216 --- [restartedMain] o.h.e.t.j.p.i.JtaPlatformInitiator       : HHH000490: Using JtaPlatform implementation: [org.hibernate.engine.transaction.jta.platform.internal.NoJtaPlatform]
2021-03-04 01:05:27.723  INFO 20216 --- [restartedMain] j.LocalContainerEntityManagerFactoryBean : Initialized JPA EntityManagerFactory for persistence unit 'default'
2021-03-04 01:05:27.777  INFO 20216 --- [restartedMain] o.s.b.d.a.OptionalLiveReloadServer       : LiveReload server is running on port 35729
2021-03-04 01:05:28.233  WARN 20216 --- [restartedMain] JpaBaseConfiguration$JpaWebConfiguration : spring.jpa.open-in-view is enabled by default. Therefore, database queries may be performed during view rendering. Explicitly configure spring.jpa.open-in-view to disable this warning
2021-03-04 01:05:28.382  INFO 20216 --- [restartedMain] o.s.s.concurrent.ThreadPoolTaskExecutor  : Initializing ExecutorService 'applicationTaskExecutor'
2021-03-04 01:05:28.464  INFO 20216 --- [restartedMain] o.s.b.a.w.s.WelcomePageHandlerMapping    : Adding welcome page template: index
2021-03-04 01:05:28.689  INFO 20216 --- [restartedMain] o.s.b.w.embedded.tomcat.TomcatWebServer  : Tomcat started on port(s): 8080 (http) with context path ''
2021-03-04 01:05:28.696  INFO 20216 --- [restartedMain] nju.se.zt.njucat.NjucatApplication       : Started NjucatApplication in 4.066 seconds (JVM running for 4.899)
2021-03-04 01:06:02.907  INFO 20216 --- [http-nio-8080-exec-1] o.a.c.c.C.[Tomcat].[localhost].[/]       : Initializing Spring DispatcherServlet 'dispatcherServlet'
2021-03-04 01:06:02.907  INFO 20216 --- [http-nio-8080-exec-1] o.s.web.servlet.DispatcherServlet        : Initializing Servlet 'dispatcherServlet'
2021-03-04 01:06:02.908  INFO 20216 --- [http-nio-8080-exec-1] o.s.web.servlet.DispatcherServlet        : Completed initialization in 1 ms
2021-03-04 01:06:02.927  INFO 20216 --- [http-nio-8080-exec-1] nju.se.zt.njucat.aspect.LogAspect        : Request : {url=http://localhost:8080/login', ip=0:0:0:0:0:0:0:1', classMethod=nju.se.zt.njucat.web.IndexController.login', args=[]}
2021-03-04 01:06:02.935  INFO 20216 --- [http-nio-8080-exec-1] nju.se.zt.njucat.aspect.LogAspect        : Result: {}
2021-03-04 01:06:02.935  INFO 20216 --- [http-nio-8080-exec-1] nju.se.zt.njucat.aspect.LogAspect        : ------doAfter------
2021-03-04 01:07:38.968  INFO 13952 --- [restartedMain] nju.se.zt.njucat.NjucatApplication       : Starting NjucatApplication using Java 1.8.0_271 on DESKTOP-O8OBFFF with PID 13952 (D:\W\WorkSpace\njucat\target\classes started by taozheeng in D:\W\WorkSpace\njucat)
2021-03-04 01:07:38.970 DEBUG 13952 --- [restartedMain] nju.se.zt.njucat.NjucatApplication       : Running with Spring Boot v2.4.3, Spring v5.3.4
2021-03-04 01:07:38.971  INFO 13952 --- [restartedMain] nju.se.zt.njucat.NjucatApplication       : No active profile set, falling back to default profiles: default
2021-03-04 01:07:39.013  INFO 13952 --- [restartedMain] .e.DevToolsPropertyDefaultsPostProcessor : Devtools property defaults active! Set 'spring.devtools.add-properties' to 'false' to disable
2021-03-04 01:07:39.014  INFO 13952 --- [restartedMain] .e.DevToolsPropertyDefaultsPostProcessor : For additional web related logging consider setting the 'logging.level.web' property to 'DEBUG'
2021-03-04 01:07:39.481  INFO 13952 --- [restartedMain] .s.d.r.c.RepositoryConfigurationDelegate : Bootstrapping Spring Data JPA repositories in DEFAULT mode.
2021-03-04 01:07:39.518  INFO 13952 --- [restartedMain] .s.d.r.c.RepositoryConfigurationDelegate : Finished Spring Data repository scanning in 31 ms. Found 1 JPA repository interfaces.
2021-03-04 01:07:40.098  INFO 13952 --- [restartedMain] o.s.b.w.embedded.tomcat.TomcatWebServer  : Tomcat initialized with port(s): 8080 (http)
2021-03-04 01:07:40.104  INFO 13952 --- [restartedMain] o.apache.catalina.core.StandardService   : Starting service [Tomcat]
2021-03-04 01:07:40.105  INFO 13952 --- [restartedMain] org.apache.catalina.core.StandardEngine  : Starting Servlet engine: [Apache Tomcat/9.0.43]
2021-03-04 01:07:40.171  INFO 13952 --- [restartedMain] o.a.c.c.C.[Tomcat].[localhost].[/]       : Initializing Spring embedded WebApplicationContext
2021-03-04 01:07:40.171  INFO 13952 --- [restartedMain] w.s.c.ServletWebServerApplicationContext : Root WebApplicationContext: initialization completed in 1156 ms
2021-03-04 01:07:40.323  INFO 13952 --- [restartedMain] o.hibernate.jpa.internal.util.LogHelper  : HHH000204: Processing PersistenceUnitInfo [name: default]
2021-03-04 01:07:40.355  INFO 13952 --- [restartedMain] org.hibernate.Version                    : HHH000412: Hibernate ORM core version 5.4.28.Final
2021-03-04 01:07:40.477  INFO 13952 --- [restartedMain] o.hibernate.annotations.common.Version   : HCANN000001: Hibernate Commons Annotations {5.1.2.Final}
2021-03-04 01:07:40.549  INFO 13952 --- [restartedMain] com.zaxxer.hikari.HikariDataSource       : HikariPool-1 - Starting...
2021-03-04 01:07:41.009  INFO 13952 --- [restartedMain] com.zaxxer.hikari.HikariDataSource       : HikariPool-1 - Start completed.
2021-03-04 01:07:41.021  INFO 13952 --- [restartedMain] org.hibernate.dialect.Dialect            : HHH000400: Using dialect: org.hibernate.dialect.MySQL57Dialect
2021-03-04 01:07:41.476  INFO 13952 --- [restartedMain] o.h.e.t.j.p.i.JtaPlatformInitiator       : HHH000490: Using JtaPlatform implementation: [org.hibernate.engine.transaction.jta.platform.internal.NoJtaPlatform]
2021-03-04 01:07:41.483  INFO 13952 --- [restartedMain] j.LocalContainerEntityManagerFactoryBean : Initialized JPA EntityManagerFactory for persistence unit 'default'
2021-03-04 01:07:41.541  INFO 13952 --- [restartedMain] o.s.b.d.a.OptionalLiveReloadServer       : LiveReload server is running on port 35729
2021-03-04 01:07:41.991  WARN 13952 --- [restartedMain] JpaBaseConfiguration$JpaWebConfiguration : spring.jpa.open-in-view is enabled by default. Therefore, database queries may be performed during view rendering. Explicitly configure spring.jpa.open-in-view to disable this warning
2021-03-04 01:07:42.141  INFO 13952 --- [restartedMain] o.s.s.concurrent.ThreadPoolTaskExecutor  : Initializing ExecutorService 'applicationTaskExecutor'
2021-03-04 01:07:42.223  INFO 13952 --- [restartedMain] o.s.b.a.w.s.WelcomePageHandlerMapping    : Adding welcome page template: index
2021-03-04 01:07:42.446  INFO 13952 --- [restartedMain] o.s.b.w.embedded.tomcat.TomcatWebServer  : Tomcat started on port(s): 8080 (http) with context path ''
2021-03-04 01:07:42.453  INFO 13952 --- [restartedMain] nju.se.zt.njucat.NjucatApplication       : Started NjucatApplication in 3.989 seconds (JVM running for 4.971)
2021-03-04 01:07:44.653  INFO 13952 --- [http-nio-8080-exec-1] o.a.c.c.C.[Tomcat].[localhost].[/]       : Initializing Spring DispatcherServlet 'dispatcherServlet'
2021-03-04 01:07:44.653  INFO 13952 --- [http-nio-8080-exec-1] o.s.web.servlet.DispatcherServlet        : Initializing Servlet 'dispatcherServlet'
2021-03-04 01:07:44.654  INFO 13952 --- [http-nio-8080-exec-1] o.s.web.servlet.DispatcherServlet        : Completed initialization in 1 ms
2021-03-04 01:07:57.565  INFO 9148 --- [restartedMain] nju.se.zt.njucat.NjucatApplication       : Starting NjucatApplication using Java 1.8.0_271 on DESKTOP-O8OBFFF with PID 9148 (D:\W\WorkSpace\njucat\target\classes started by taozheeng in D:\W\WorkSpace\njucat)
2021-03-04 01:07:57.568 DEBUG 9148 --- [restartedMain] nju.se.zt.njucat.NjucatApplication       : Running with Spring Boot v2.4.3, Spring v5.3.4
2021-03-04 01:07:57.569  INFO 9148 --- [restartedMain] nju.se.zt.njucat.NjucatApplication       : No active profile set, falling back to default profiles: default
2021-03-04 01:07:57.619  INFO 9148 --- [restartedMain] .e.DevToolsPropertyDefaultsPostProcessor : Devtools property defaults active! Set 'spring.devtools.add-properties' to 'false' to disable
2021-03-04 01:07:57.619  INFO 9148 --- [restartedMain] .e.DevToolsPropertyDefaultsPostProcessor : For additional web related logging consider setting the 'logging.level.web' property to 'DEBUG'
2021-03-04 01:07:58.103  INFO 9148 --- [restartedMain] .s.d.r.c.RepositoryConfigurationDelegate : Bootstrapping Spring Data JPA repositories in DEFAULT mode.
2021-03-04 01:07:58.139  INFO 9148 --- [restartedMain] .s.d.r.c.RepositoryConfigurationDelegate : Finished Spring Data repository scanning in 30 ms. Found 1 JPA repository interfaces.
2021-03-04 01:07:58.711  INFO 9148 --- [restartedMain] o.s.b.w.embedded.tomcat.TomcatWebServer  : Tomcat initialized with port(s): 8080 (http)
2021-03-04 01:07:58.718  INFO 9148 --- [restartedMain] o.apache.catalina.core.StandardService   : Starting service [Tomcat]
2021-03-04 01:07:58.719  INFO 9148 --- [restartedMain] org.apache.catalina.core.StandardEngine  : Starting Servlet engine: [Apache Tomcat/9.0.43]
2021-03-04 01:07:58.785  INFO 9148 --- [restartedMain] o.a.c.c.C.[Tomcat].[localhost].[/]       : Initializing Spring embedded WebApplicationContext
2021-03-04 01:07:58.785  INFO 9148 --- [restartedMain] w.s.c.ServletWebServerApplicationContext : Root WebApplicationContext: initialization completed in 1165 ms
2021-03-04 01:07:58.937  INFO 9148 --- [restartedMain] o.hibernate.jpa.internal.util.LogHelper  : HHH000204: Processing PersistenceUnitInfo [name: default]
2021-03-04 01:07:58.968  INFO 9148 --- [restartedMain] org.hibernate.Version                    : HHH000412: Hibernate ORM core version 5.4.28.Final
2021-03-04 01:07:59.103  INFO 9148 --- [restartedMain] o.hibernate.annotations.common.Version   : HCANN000001: Hibernate Commons Annotations {5.1.2.Final}
2021-03-04 01:07:59.178  INFO 9148 --- [restartedMain] com.zaxxer.hikari.HikariDataSource       : HikariPool-1 - Starting...
2021-03-04 01:07:59.661  INFO 9148 --- [restartedMain] com.zaxxer.hikari.HikariDataSource       : HikariPool-1 - Start completed.
2021-03-04 01:07:59.675  INFO 9148 --- [restartedMain] org.hibernate.dialect.Dialect            : HHH000400: Using dialect: org.hibernate.dialect.MySQL57Dialect
2021-03-04 01:08:00.169  INFO 9148 --- [restartedMain] o.h.e.t.j.p.i.JtaPlatformInitiator       : HHH000490: Using JtaPlatform implementation: [org.hibernate.engine.transaction.jta.platform.internal.NoJtaPlatform]
2021-03-04 01:08:00.176  INFO 9148 --- [restartedMain] j.LocalContainerEntityManagerFactoryBean : Initialized JPA EntityManagerFactory for persistence unit 'default'
2021-03-04 01:08:00.229  INFO 9148 --- [restartedMain] o.s.b.d.a.OptionalLiveReloadServer       : LiveReload server is running on port 35729
2021-03-04 01:08:00.715  WARN 9148 --- [restartedMain] JpaBaseConfiguration$JpaWebConfiguration : spring.jpa.open-in-view is enabled by default. Therefore, database queries may be performed during view rendering. Explicitly configure spring.jpa.open-in-view to disable this warning
2021-03-04 01:08:00.894  INFO 9148 --- [restartedMain] o.s.s.concurrent.ThreadPoolTaskExecutor  : Initializing ExecutorService 'applicationTaskExecutor'
2021-03-04 01:08:00.975  INFO 9148 --- [restartedMain] o.s.b.a.w.s.WelcomePageHandlerMapping    : Adding welcome page template: index
2021-03-04 01:08:01.209  INFO 9148 --- [restartedMain] o.s.b.w.embedded.tomcat.TomcatWebServer  : Tomcat started on port(s): 8080 (http) with context path ''
2021-03-04 01:08:01.217  INFO 9148 --- [restartedMain] nju.se.zt.njucat.NjucatApplication       : Started NjucatApplication in 4.044 seconds (JVM running for 4.865)
2021-03-04 01:08:03.977  INFO 9148 --- [http-nio-8080-exec-1] o.a.c.c.C.[Tomcat].[localhost].[/]       : Initializing Spring DispatcherServlet 'dispatcherServlet'
2021-03-04 01:08:03.977  INFO 9148 --- [http-nio-8080-exec-1] o.s.web.servlet.DispatcherServlet        : Initializing Servlet 'dispatcherServlet'
2021-03-04 01:08:03.978  INFO 9148 --- [http-nio-8080-exec-1] o.s.web.servlet.DispatcherServlet        : Completed initialization in 1 ms
2021-03-04 01:09:14.211  INFO 12040 --- [restartedMain] nju.se.zt.njucat.NjucatApplication       : Starting NjucatApplication using Java 1.8.0_271 on DESKTOP-O8OBFFF with PID 12040 (D:\W\WorkSpace\njucat\target\classes started by taozheeng in D:\W\WorkSpace\njucat)
2021-03-04 01:09:14.219 DEBUG 12040 --- [restartedMain] nju.se.zt.njucat.NjucatApplication       : Running with Spring Boot v2.4.3, Spring v5.3.4
2021-03-04 01:09:14.220  INFO 12040 --- [restartedMain] nju.se.zt.njucat.NjucatApplication       : No active profile set, falling back to default profiles: default
2021-03-04 01:09:14.265  INFO 12040 --- [restartedMain] .e.DevToolsPropertyDefaultsPostProcessor : Devtools property defaults active! Set 'spring.devtools.add-properties' to 'false' to disable
2021-03-04 01:09:14.265  INFO 12040 --- [restartedMain] .e.DevToolsPropertyDefaultsPostProcessor : For additional web related logging consider setting the 'logging.level.web' property to 'DEBUG'
2021-03-04 01:09:14.836  INFO 12040 --- [restartedMain] .s.d.r.c.RepositoryConfigurationDelegate : Bootstrapping Spring Data JPA repositories in DEFAULT mode.
2021-03-04 01:09:14.873  INFO 12040 --- [restartedMain] .s.d.r.c.RepositoryConfigurationDelegate : Finished Spring Data repository scanning in 30 ms. Found 1 JPA repository interfaces.
2021-03-04 01:09:15.450  INFO 12040 --- [restartedMain] o.s.b.w.embedded.tomcat.TomcatWebServer  : Tomcat initialized with port(s): 8080 (http)
2021-03-04 01:09:15.457  INFO 12040 --- [restartedMain] o.apache.catalina.core.StandardService   : Starting service [Tomcat]
2021-03-04 01:09:15.458  INFO 12040 --- [restartedMain] org.apache.catalina.core.StandardEngine  : Starting Servlet engine: [Apache Tomcat/9.0.43]
2021-03-04 01:09:15.523  INFO 12040 --- [restartedMain] o.a.c.c.C.[Tomcat].[localhost].[/]       : Initializing Spring embedded WebApplicationContext
2021-03-04 01:09:15.524  INFO 12040 --- [restartedMain] w.s.c.ServletWebServerApplicationContext : Root WebApplicationContext: initialization completed in 1258 ms
2021-03-04 01:09:15.675  INFO 12040 --- [restartedMain] o.hibernate.jpa.internal.util.LogHelper  : HHH000204: Processing PersistenceUnitInfo [name: default]
2021-03-04 01:09:15.706  INFO 12040 --- [restartedMain] org.hibernate.Version                    : HHH000412: Hibernate ORM core version 5.4.28.Final
2021-03-04 01:09:15.837  INFO 12040 --- [restartedMain] o.hibernate.annotations.common.Version   : HCANN000001: Hibernate Commons Annotations {5.1.2.Final}
2021-03-04 01:09:15.903  INFO 12040 --- [restartedMain] com.zaxxer.hikari.HikariDataSource       : HikariPool-1 - Starting...
2021-03-04 01:09:16.385  INFO 12040 --- [restartedMain] com.zaxxer.hikari.HikariDataSource       : HikariPool-1 - Start completed.
2021-03-04 01:09:16.403  INFO 12040 --- [restartedMain] org.hibernate.dialect.Dialect            : HHH000400: Using dialect: org.hibernate.dialect.MySQL57Dialect
2021-03-04 01:09:17.031  INFO 12040 --- [restartedMain] o.h.e.t.j.p.i.JtaPlatformInitiator       : HHH000490: Using JtaPlatform implementation: [org.hibernate.engine.transaction.jta.platform.internal.NoJtaPlatform]
2021-03-04 01:09:17.038  INFO 12040 --- [restartedMain] j.LocalContainerEntityManagerFactoryBean : Initialized JPA EntityManagerFactory for persistence unit 'default'
2021-03-04 01:09:17.092  INFO 12040 --- [restartedMain] o.s.b.d.a.OptionalLiveReloadServer       : LiveReload server is running on port 35729
2021-03-04 01:09:17.604  WARN 12040 --- [restartedMain] JpaBaseConfiguration$JpaWebConfiguration : spring.jpa.open-in-view is enabled by default. Therefore, database queries may be performed during view rendering. Explicitly configure spring.jpa.open-in-view to disable this warning
2021-03-04 01:09:17.786  INFO 12040 --- [restartedMain] o.s.s.concurrent.ThreadPoolTaskExecutor  : Initializing ExecutorService 'applicationTaskExecutor'
2021-03-04 01:09:17.874  INFO 12040 --- [restartedMain] o.s.b.a.w.s.WelcomePageHandlerMapping    : Adding welcome page template: index
2021-03-04 01:09:18.116  INFO 12040 --- [restartedMain] o.s.b.w.embedded.tomcat.TomcatWebServer  : Tomcat started on port(s): 8080 (http) with context path ''
2021-03-04 01:09:18.124  INFO 12040 --- [restartedMain] nju.se.zt.njucat.NjucatApplication       : Started NjucatApplication in 4.294 seconds (JVM running for 5.071)
2021-03-04 01:09:23.319  INFO 12040 --- [http-nio-8080-exec-1] o.a.c.c.C.[Tomcat].[localhost].[/]       : Initializing Spring DispatcherServlet 'dispatcherServlet'
2021-03-04 01:09:23.319  INFO 12040 --- [http-nio-8080-exec-1] o.s.web.servlet.DispatcherServlet        : Initializing Servlet 'dispatcherServlet'
2021-03-04 01:09:23.320  INFO 12040 --- [http-nio-8080-exec-1] o.s.web.servlet.DispatcherServlet        : Completed initialization in 1 ms
2021-03-04 01:12:45.168  INFO 19160 --- [restartedMain] nju.se.zt.njucat.NjucatApplication       : Starting NjucatApplication using Java 1.8.0_271 on DESKTOP-O8OBFFF with PID 19160 (D:\W\WorkSpace\njucat\target\classes started by taozheeng in D:\W\WorkSpace\njucat)
2021-03-04 01:12:45.171 DEBUG 19160 --- [restartedMain] nju.se.zt.njucat.NjucatApplication       : Running with Spring Boot v2.4.3, Spring v5.3.4
2021-03-04 01:12:45.171  INFO 19160 --- [restartedMain] nju.se.zt.njucat.NjucatApplication       : No active profile set, falling back to default profiles: default
2021-03-04 01:12:45.219  INFO 19160 --- [restartedMain] .e.DevToolsPropertyDefaultsPostProcessor : Devtools property defaults active! Set 'spring.devtools.add-properties' to 'false' to disable
2021-03-04 01:12:45.220  INFO 19160 --- [restartedMain] .e.DevToolsPropertyDefaultsPostProcessor : For additional web related logging consider setting the 'logging.level.web' property to 'DEBUG'
2021-03-04 01:12:45.757  INFO 19160 --- [restartedMain] .s.d.r.c.RepositoryConfigurationDelegate : Bootstrapping Spring Data JPA repositories in DEFAULT mode.
2021-03-04 01:12:45.834  INFO 19160 --- [restartedMain] .s.d.r.c.RepositoryConfigurationDelegate : Finished Spring Data repository scanning in 59 ms. Found 1 JPA repository interfaces.
2021-03-04 01:12:46.769  INFO 19160 --- [restartedMain] o.s.b.w.embedded.tomcat.TomcatWebServer  : Tomcat initialized with port(s): 8080 (http)
2021-03-04 01:12:46.781  INFO 19160 --- [restartedMain] o.apache.catalina.core.StandardService   : Starting service [Tomcat]
2021-03-04 01:12:46.782  INFO 19160 --- [restartedMain] org.apache.catalina.core.StandardEngine  : Starting Servlet engine: [Apache Tomcat/9.0.43]
2021-03-04 01:12:46.861  INFO 19160 --- [restartedMain] o.a.c.c.C.[Tomcat].[localhost].[/]       : Initializing Spring embedded WebApplicationContext
2021-03-04 01:12:46.861  INFO 19160 --- [restartedMain] w.s.c.ServletWebServerApplicationContext : Root WebApplicationContext: initialization completed in 1640 ms
2021-03-04 01:12:47.034  INFO 19160 --- [restartedMain] o.hibernate.jpa.internal.util.LogHelper  : HHH000204: Processing PersistenceUnitInfo [name: default]
2021-03-04 01:12:47.067  INFO 19160 --- [restartedMain] org.hibernate.Version                    : HHH000412: Hibernate ORM core version 5.4.28.Final
2021-03-04 01:12:47.251  INFO 19160 --- [restartedMain] o.hibernate.annotations.common.Version   : HCANN000001: Hibernate Commons Annotations {5.1.2.Final}
2021-03-04 01:12:47.320  INFO 19160 --- [restartedMain] com.zaxxer.hikari.HikariDataSource       : HikariPool-1 - Starting...
2021-03-04 01:12:47.802  INFO 19160 --- [restartedMain] com.zaxxer.hikari.HikariDataSource       : HikariPool-1 - Start completed.
2021-03-04 01:12:47.816  INFO 19160 --- [restartedMain] org.hibernate.dialect.Dialect            : HHH000400: Using dialect: org.hibernate.dialect.MySQL57Dialect
2021-03-04 01:12:48.336  INFO 19160 --- [restartedMain] o.h.e.t.j.p.i.JtaPlatformInitiator       : HHH000490: Using JtaPlatform implementation: [org.hibernate.engine.transaction.jta.platform.internal.NoJtaPlatform]
2021-03-04 01:12:48.344  INFO 19160 --- [restartedMain] j.LocalContainerEntityManagerFactoryBean : Initialized JPA EntityManagerFactory for persistence unit 'default'
2021-03-04 01:12:48.400  INFO 19160 --- [restartedMain] o.s.b.d.a.OptionalLiveReloadServer       : LiveReload server is running on port 35729
2021-03-04 01:12:48.878  WARN 19160 --- [restartedMain] JpaBaseConfiguration$JpaWebConfiguration : spring.jpa.open-in-view is enabled by default. Therefore, database queries may be performed during view rendering. Explicitly configure spring.jpa.open-in-view to disable this warning
2021-03-04 01:12:49.051  INFO 19160 --- [restartedMain] o.s.s.concurrent.ThreadPoolTaskExecutor  : Initializing ExecutorService 'applicationTaskExecutor'
2021-03-04 01:12:49.142  INFO 19160 --- [restartedMain] o.s.b.a.w.s.WelcomePageHandlerMapping    : Adding welcome page template: index
2021-03-04 01:12:49.403  INFO 19160 --- [restartedMain] o.s.b.w.embedded.tomcat.TomcatWebServer  : Tomcat started on port(s): 8080 (http) with context path ''
2021-03-04 01:12:49.411  INFO 19160 --- [restartedMain] nju.se.zt.njucat.NjucatApplication       : Started NjucatApplication in 4.704 seconds (JVM running for 5.582)
2021-03-04 01:12:49.597  INFO 19160 --- [http-nio-8080-exec-1] o.a.c.c.C.[Tomcat].[localhost].[/]       : Initializing Spring DispatcherServlet 'dispatcherServlet'
2021-03-04 01:12:49.597  INFO 19160 --- [http-nio-8080-exec-1] o.s.web.servlet.DispatcherServlet        : Initializing Servlet 'dispatcherServlet'
2021-03-04 01:12:49.599  INFO 19160 --- [http-nio-8080-exec-1] o.s.web.servlet.DispatcherServlet        : Completed initialization in 2 ms
2021-03-04 01:13:15.672  INFO 4308 --- [restartedMain] nju.se.zt.njucat.NjucatApplication       : Starting NjucatApplication using Java 1.8.0_271 on DESKTOP-O8OBFFF with PID 4308 (D:\W\WorkSpace\njucat\target\classes started by taozheeng in D:\W\WorkSpace\njucat)
2021-03-04 01:13:15.674 DEBUG 4308 --- [restartedMain] nju.se.zt.njucat.NjucatApplication       : Running with Spring Boot v2.4.3, Spring v5.3.4
2021-03-04 01:13:15.674  INFO 4308 --- [restartedMain] nju.se.zt.njucat.NjucatApplication       : No active profile set, falling back to default profiles: default
2021-03-04 01:13:15.721  INFO 4308 --- [restartedMain] .e.DevToolsPropertyDefaultsPostProcessor : Devtools property defaults active! Set 'spring.devtools.add-properties' to 'false' to disable
2021-03-04 01:13:15.721  INFO 4308 --- [restartedMain] .e.DevToolsPropertyDefaultsPostProcessor : For additional web related logging consider setting the 'logging.level.web' property to 'DEBUG'
2021-03-04 01:13:16.203  INFO 4308 --- [restartedMain] .s.d.r.c.RepositoryConfigurationDelegate : Bootstrapping Spring Data JPA repositories in DEFAULT mode.
2021-03-04 01:13:16.240  INFO 4308 --- [restartedMain] .s.d.r.c.RepositoryConfigurationDelegate : Finished Spring Data repository scanning in 30 ms. Found 1 JPA repository interfaces.
2021-03-04 01:13:16.834  INFO 4308 --- [restartedMain] o.s.b.w.embedded.tomcat.TomcatWebServer  : Tomcat initialized with port(s): 8080 (http)
2021-03-04 01:13:16.841  INFO 4308 --- [restartedMain] o.apache.catalina.core.StandardService   : Starting service [Tomcat]
2021-03-04 01:13:16.841  INFO 4308 --- [restartedMain] org.apache.catalina.core.StandardEngine  : Starting Servlet engine: [Apache Tomcat/9.0.43]
2021-03-04 01:13:16.909  INFO 4308 --- [restartedMain] o.a.c.c.C.[Tomcat].[localhost].[/]       : Initializing Spring embedded WebApplicationContext
2021-03-04 01:13:16.909  INFO 4308 --- [restartedMain] w.s.c.ServletWebServerApplicationContext : Root WebApplicationContext: initialization completed in 1187 ms
2021-03-04 01:13:17.079  INFO 4308 --- [restartedMain] o.hibernate.jpa.internal.util.LogHelper  : HHH000204: Processing PersistenceUnitInfo [name: default]
2021-03-04 01:13:17.111  INFO 4308 --- [restartedMain] org.hibernate.Version                    : HHH000412: Hibernate ORM core version 5.4.28.Final
2021-03-04 01:13:17.250  INFO 4308 --- [restartedMain] o.hibernate.annotations.common.Version   : HCANN000001: Hibernate Commons Annotations {5.1.2.Final}
2021-03-04 01:13:17.319  INFO 4308 --- [restartedMain] com.zaxxer.hikari.HikariDataSource       : HikariPool-1 - Starting...
2021-03-04 01:13:17.795  INFO 4308 --- [restartedMain] com.zaxxer.hikari.HikariDataSource       : HikariPool-1 - Start completed.
2021-03-04 01:13:17.807  INFO 4308 --- [restartedMain] org.hibernate.dialect.Dialect            : HHH000400: Using dialect: org.hibernate.dialect.MySQL57Dialect
2021-03-04 01:13:18.344  INFO 4308 --- [restartedMain] o.h.e.t.j.p.i.JtaPlatformInitiator       : HHH000490: Using JtaPlatform implementation: [org.hibernate.engine.transaction.jta.platform.internal.NoJtaPlatform]
2021-03-04 01:13:18.352  INFO 4308 --- [restartedMain] j.LocalContainerEntityManagerFactoryBean : Initialized JPA EntityManagerFactory for persistence unit 'default'
2021-03-04 01:13:18.405  INFO 4308 --- [restartedMain] o.s.b.d.a.OptionalLiveReloadServer       : LiveReload server is running on port 35729
2021-03-04 01:13:18.843  WARN 4308 --- [restartedMain] JpaBaseConfiguration$JpaWebConfiguration : spring.jpa.open-in-view is enabled by default. Therefore, database queries may be performed during view rendering. Explicitly configure spring.jpa.open-in-view to disable this warning
2021-03-04 01:13:19.005  INFO 4308 --- [restartedMain] o.s.s.concurrent.ThreadPoolTaskExecutor  : Initializing ExecutorService 'applicationTaskExecutor'
2021-03-04 01:13:19.096  INFO 4308 --- [restartedMain] o.s.b.a.w.s.WelcomePageHandlerMapping    : Adding welcome page template: index
2021-03-04 01:13:19.349  INFO 4308 --- [restartedMain] o.s.b.w.embedded.tomcat.TomcatWebServer  : Tomcat started on port(s): 8080 (http) with context path ''
2021-03-04 01:13:19.357  INFO 4308 --- [restartedMain] nju.se.zt.njucat.NjucatApplication       : Started NjucatApplication in 4.066 seconds (JVM running for 4.884)
2021-03-04 01:13:25.945  INFO 4308 --- [http-nio-8080-exec-1] o.a.c.c.C.[Tomcat].[localhost].[/]       : Initializing Spring DispatcherServlet 'dispatcherServlet'
2021-03-04 01:13:25.945  INFO 4308 --- [http-nio-8080-exec-1] o.s.web.servlet.DispatcherServlet        : Initializing Servlet 'dispatcherServlet'
2021-03-04 01:13:25.946  INFO 4308 --- [http-nio-8080-exec-1] o.s.web.servlet.DispatcherServlet        : Completed initialization in 1 ms
2021-03-04 01:14:43.910  INFO 22184 --- [restartedMain] nju.se.zt.njucat.NjucatApplication       : Starting NjucatApplication using Java 1.8.0_271 on DESKTOP-O8OBFFF with PID 22184 (D:\W\WorkSpace\njucat\target\classes started by taozheeng in D:\W\WorkSpace\njucat)
2021-03-04 01:14:43.913 DEBUG 22184 --- [restartedMain] nju.se.zt.njucat.NjucatApplication       : Running with Spring Boot v2.4.3, Spring v5.3.4
2021-03-04 01:14:43.913  INFO 22184 --- [restartedMain] nju.se.zt.njucat.NjucatApplication       : No active profile set, falling back to default profiles: default
2021-03-04 01:14:43.958  INFO 22184 --- [restartedMain] .e.DevToolsPropertyDefaultsPostProcessor : Devtools property defaults active! Set 'spring.devtools.add-properties' to 'false' to disable
2021-03-04 01:14:43.959  INFO 22184 --- [restartedMain] .e.DevToolsPropertyDefaultsPostProcessor : For additional web related logging consider setting the 'logging.level.web' property to 'DEBUG'
2021-03-04 01:14:44.437  INFO 22184 --- [restartedMain] .s.d.r.c.RepositoryConfigurationDelegate : Bootstrapping Spring Data JPA repositories in DEFAULT mode.
2021-03-04 01:14:44.475  INFO 22184 --- [restartedMain] .s.d.r.c.RepositoryConfigurationDelegate : Finished Spring Data repository scanning in 32 ms. Found 1 JPA repository interfaces.
2021-03-04 01:14:45.049  INFO 22184 --- [restartedMain] o.s.b.w.embedded.tomcat.TomcatWebServer  : Tomcat initialized with port(s): 8080 (http)
2021-03-04 01:14:45.056  INFO 22184 --- [restartedMain] o.apache.catalina.core.StandardService   : Starting service [Tomcat]
2021-03-04 01:14:45.056  INFO 22184 --- [restartedMain] org.apache.catalina.core.StandardEngine  : Starting Servlet engine: [Apache Tomcat/9.0.43]
2021-03-04 01:14:45.123  INFO 22184 --- [restartedMain] o.a.c.c.C.[Tomcat].[localhost].[/]       : Initializing Spring embedded WebApplicationContext
2021-03-04 01:14:45.123  INFO 22184 --- [restartedMain] w.s.c.ServletWebServerApplicationContext : Root WebApplicationContext: initialization completed in 1163 ms
2021-03-04 01:14:45.276  INFO 22184 --- [restartedMain] o.hibernate.jpa.internal.util.LogHelper  : HHH000204: Processing PersistenceUnitInfo [name: default]
2021-03-04 01:14:45.307  INFO 22184 --- [restartedMain] org.hibernate.Version                    : HHH000412: Hibernate ORM core version 5.4.28.Final
2021-03-04 01:14:45.438  INFO 22184 --- [restartedMain] o.hibernate.annotations.common.Version   : HCANN000001: Hibernate Commons Annotations {5.1.2.Final}
2021-03-04 01:14:45.503  INFO 22184 --- [restartedMain] com.zaxxer.hikari.HikariDataSource       : HikariPool-1 - Starting...
2021-03-04 01:14:45.968  INFO 22184 --- [restartedMain] com.zaxxer.hikari.HikariDataSource       : HikariPool-1 - Start completed.
2021-03-04 01:14:45.981  INFO 22184 --- [restartedMain] org.hibernate.dialect.Dialect            : HHH000400: Using dialect: org.hibernate.dialect.MySQL57Dialect
2021-03-04 01:14:46.438  INFO 22184 --- [restartedMain] o.h.e.t.j.p.i.JtaPlatformInitiator       : HHH000490: Using JtaPlatform implementation: [org.hibernate.engine.transaction.jta.platform.internal.NoJtaPlatform]
2021-03-04 01:14:46.445  INFO 22184 --- [restartedMain] j.LocalContainerEntityManagerFactoryBean : Initialized JPA EntityManagerFactory for persistence unit 'default'
2021-03-04 01:14:46.496  INFO 22184 --- [restartedMain] o.s.b.d.a.OptionalLiveReloadServer       : LiveReload server is running on port 35729
2021-03-04 01:14:46.933  WARN 22184 --- [restartedMain] JpaBaseConfiguration$JpaWebConfiguration : spring.jpa.open-in-view is enabled by default. Therefore, database queries may be performed during view rendering. Explicitly configure spring.jpa.open-in-view to disable this warning
2021-03-04 01:14:47.078  INFO 22184 --- [restartedMain] o.s.s.concurrent.ThreadPoolTaskExecutor  : Initializing ExecutorService 'applicationTaskExecutor'
2021-03-04 01:14:47.161  INFO 22184 --- [restartedMain] o.s.b.a.w.s.WelcomePageHandlerMapping    : Adding welcome page template: index
2021-03-04 01:14:47.382  INFO 22184 --- [restartedMain] o.s.b.w.embedded.tomcat.TomcatWebServer  : Tomcat started on port(s): 8080 (http) with context path ''
2021-03-04 01:14:47.390  INFO 22184 --- [restartedMain] nju.se.zt.njucat.NjucatApplication       : Started NjucatApplication in 3.868 seconds (JVM running for 4.73)
2021-03-04 01:14:54.932  INFO 22184 --- [http-nio-8080-exec-1] o.a.c.c.C.[Tomcat].[localhost].[/]       : Initializing Spring DispatcherServlet 'dispatcherServlet'
2021-03-04 01:14:54.933  INFO 22184 --- [http-nio-8080-exec-1] o.s.web.servlet.DispatcherServlet        : Initializing Servlet 'dispatcherServlet'
2021-03-04 01:14:54.934  INFO 22184 --- [http-nio-8080-exec-1] o.s.web.servlet.DispatcherServlet        : Completed initialization in 1 ms
2021-03-04 01:20:59.642  INFO 6060 --- [restartedMain] nju.se.zt.njucat.NjucatApplication       : Starting NjucatApplication using Java 1.8.0_271 on DESKTOP-O8OBFFF with PID 6060 (D:\W\WorkSpace\njucat\target\classes started by taozheeng in D:\W\WorkSpace\njucat)
2021-03-04 01:20:59.644 DEBUG 6060 --- [restartedMain] nju.se.zt.njucat.NjucatApplication       : Running with Spring Boot v2.4.3, Spring v5.3.4
2021-03-04 01:20:59.644  INFO 6060 --- [restartedMain] nju.se.zt.njucat.NjucatApplication       : No active profile set, falling back to default profiles: default
2021-03-04 01:20:59.699  INFO 6060 --- [restartedMain] .e.DevToolsPropertyDefaultsPostProcessor : Devtools property defaults active! Set 'spring.devtools.add-properties' to 'false' to disable
2021-03-04 01:20:59.699  INFO 6060 --- [restartedMain] .e.DevToolsPropertyDefaultsPostProcessor : For additional web related logging consider setting the 'logging.level.web' property to 'DEBUG'
2021-03-04 01:21:00.219  INFO 6060 --- [restartedMain] .s.d.r.c.RepositoryConfigurationDelegate : Bootstrapping Spring Data JPA repositories in DEFAULT mode.
2021-03-04 01:21:00.259  INFO 6060 --- [restartedMain] .s.d.r.c.RepositoryConfigurationDelegate : Finished Spring Data repository scanning in 33 ms. Found 1 JPA repository interfaces.
2021-03-04 01:21:00.897  INFO 6060 --- [restartedMain] o.s.b.w.embedded.tomcat.TomcatWebServer  : Tomcat initialized with port(s): 8080 (http)
2021-03-04 01:21:00.904  INFO 6060 --- [restartedMain] o.apache.catalina.core.StandardService   : Starting service [Tomcat]
2021-03-04 01:21:00.905  INFO 6060 --- [restartedMain] org.apache.catalina.core.StandardEngine  : Starting Servlet engine: [Apache Tomcat/9.0.43]
2021-03-04 01:21:00.981  INFO 6060 --- [restartedMain] o.a.c.c.C.[Tomcat].[localhost].[/]       : Initializing Spring embedded WebApplicationContext
2021-03-04 01:21:00.981  INFO 6060 --- [restartedMain] w.s.c.ServletWebServerApplicationContext : Root WebApplicationContext: initialization completed in 1281 ms
2021-03-04 01:21:01.146  INFO 6060 --- [restartedMain] o.hibernate.jpa.internal.util.LogHelper  : HHH000204: Processing PersistenceUnitInfo [name: default]
2021-03-04 01:21:01.179  INFO 6060 --- [restartedMain] org.hibernate.Version                    : HHH000412: Hibernate ORM core version 5.4.28.Final
2021-03-04 01:21:01.332  INFO 6060 --- [restartedMain] o.hibernate.annotations.common.Version   : HCANN000001: Hibernate Commons Annotations {5.1.2.Final}
2021-03-04 01:21:01.406  INFO 6060 --- [restartedMain] com.zaxxer.hikari.HikariDataSource       : HikariPool-1 - Starting...
2021-03-04 01:21:01.928  INFO 6060 --- [restartedMain] com.zaxxer.hikari.HikariDataSource       : HikariPool-1 - Start completed.
2021-03-04 01:21:01.943  INFO 6060 --- [restartedMain] org.hibernate.dialect.Dialect            : HHH000400: Using dialect: org.hibernate.dialect.MySQL57Dialect
2021-03-04 01:21:02.582  INFO 6060 --- [restartedMain] o.h.e.t.j.p.i.JtaPlatformInitiator       : HHH000490: Using JtaPlatform implementation: [org.hibernate.engine.transaction.jta.platform.internal.NoJtaPlatform]
2021-03-04 01:21:02.592  INFO 6060 --- [restartedMain] j.LocalContainerEntityManagerFactoryBean : Initialized JPA EntityManagerFactory for persistence unit 'default'
2021-03-04 01:21:02.666  INFO 6060 --- [restartedMain] o.s.b.d.a.OptionalLiveReloadServer       : LiveReload server is running on port 35729
2021-03-04 01:21:03.212  WARN 6060 --- [restartedMain] JpaBaseConfiguration$JpaWebConfiguration : spring.jpa.open-in-view is enabled by default. Therefore, database queries may be performed during view rendering. Explicitly configure spring.jpa.open-in-view to disable this warning
2021-03-04 01:21:03.408  INFO 6060 --- [restartedMain] o.s.s.concurrent.ThreadPoolTaskExecutor  : Initializing ExecutorService 'applicationTaskExecutor'
2021-03-04 01:21:03.533  INFO 6060 --- [restartedMain] o.s.b.a.w.s.WelcomePageHandlerMapping    : Adding welcome page template: index
2021-03-04 01:21:03.826  INFO 6060 --- [restartedMain] o.s.b.w.embedded.tomcat.TomcatWebServer  : Tomcat started on port(s): 8080 (http) with context path ''
2021-03-04 01:21:03.834  INFO 6060 --- [restartedMain] nju.se.zt.njucat.NjucatApplication       : Started NjucatApplication in 4.662 seconds (JVM running for 5.549)
2021-03-04 01:21:06.923  INFO 6060 --- [http-nio-8080-exec-1] o.a.c.c.C.[Tomcat].[localhost].[/]       : Initializing Spring DispatcherServlet 'dispatcherServlet'
2021-03-04 01:21:06.923  INFO 6060 --- [http-nio-8080-exec-1] o.s.web.servlet.DispatcherServlet        : Initializing Servlet 'dispatcherServlet'
2021-03-04 01:21:06.924  INFO 6060 --- [http-nio-8080-exec-1] o.s.web.servlet.DispatcherServlet        : Completed initialization in 1 ms
2021-03-04 01:26:22.917  INFO 11648 --- [restartedMain] nju.se.zt.njucat.NjucatApplication       : Starting NjucatApplication using Java 1.8.0_271 on DESKTOP-O8OBFFF with PID 11648 (D:\W\WorkSpace\njucat\target\classes started by taozheeng in D:\W\WorkSpace\njucat)
2021-03-04 01:26:22.919 DEBUG 11648 --- [restartedMain] nju.se.zt.njucat.NjucatApplication       : Running with Spring Boot v2.4.3, Spring v5.3.4
2021-03-04 01:26:22.920  INFO 11648 --- [restartedMain] nju.se.zt.njucat.NjucatApplication       : No active profile set, falling back to default profiles: default
2021-03-04 01:26:22.967  INFO 11648 --- [restartedMain] .e.DevToolsPropertyDefaultsPostProcessor : Devtools property defaults active! Set 'spring.devtools.add-properties' to 'false' to disable
2021-03-04 01:26:22.968  INFO 11648 --- [restartedMain] .e.DevToolsPropertyDefaultsPostProcessor : For additional web related logging consider setting the 'logging.level.web' property to 'DEBUG'
2021-03-04 01:26:23.483  INFO 11648 --- [restartedMain] .s.d.r.c.RepositoryConfigurationDelegate : Bootstrapping Spring Data JPA repositories in DEFAULT mode.
2021-03-04 01:26:23.520  INFO 11648 --- [restartedMain] .s.d.r.c.RepositoryConfigurationDelegate : Finished Spring Data repository scanning in 30 ms. Found 1 JPA repository interfaces.
2021-03-04 01:26:24.114  INFO 11648 --- [restartedMain] o.s.b.w.embedded.tomcat.TomcatWebServer  : Tomcat initialized with port(s): 8080 (http)
2021-03-04 01:26:24.122  INFO 11648 --- [restartedMain] o.apache.catalina.core.StandardService   : Starting service [Tomcat]
2021-03-04 01:26:24.122  INFO 11648 --- [restartedMain] org.apache.catalina.core.StandardEngine  : Starting Servlet engine: [Apache Tomcat/9.0.43]
2021-03-04 01:26:24.191  INFO 11648 --- [restartedMain] o.a.c.c.C.[Tomcat].[localhost].[/]       : Initializing Spring embedded WebApplicationContext
2021-03-04 01:26:24.191  INFO 11648 --- [restartedMain] w.s.c.ServletWebServerApplicationContext : Root WebApplicationContext: initialization completed in 1222 ms
2021-03-04 01:26:24.395  INFO 11648 --- [restartedMain] o.hibernate.jpa.internal.util.LogHelper  : HHH000204: Processing PersistenceUnitInfo [name: default]
2021-03-04 01:26:24.435  INFO 11648 --- [restartedMain] org.hibernate.Version                    : HHH000412: Hibernate ORM core version 5.4.28.Final
2021-03-04 01:26:24.571  INFO 11648 --- [restartedMain] o.hibernate.annotations.common.Version   : HCANN000001: Hibernate Commons Annotations {5.1.2.Final}
2021-03-04 01:26:24.638  INFO 11648 --- [restartedMain] com.zaxxer.hikari.HikariDataSource       : HikariPool-1 - Starting...
2021-03-04 01:26:25.128  INFO 11648 --- [restartedMain] com.zaxxer.hikari.HikariDataSource       : HikariPool-1 - Start completed.
2021-03-04 01:26:25.143  INFO 11648 --- [restartedMain] org.hibernate.dialect.Dialect            : HHH000400: Using dialect: org.hibernate.dialect.MySQL57Dialect
2021-03-04 01:26:25.666  INFO 11648 --- [restartedMain] o.h.e.t.j.p.i.JtaPlatformInitiator       : HHH000490: Using JtaPlatform implementation: [org.hibernate.engine.transaction.jta.platform.internal.NoJtaPlatform]
2021-03-04 01:26:25.673  INFO 11648 --- [restartedMain] j.LocalContainerEntityManagerFactoryBean : Initialized JPA EntityManagerFactory for persistence unit 'default'
2021-03-04 01:26:25.724  INFO 11648 --- [restartedMain] o.s.b.d.a.OptionalLiveReloadServer       : LiveReload server is running on port 35729
2021-03-04 01:26:26.158  WARN 11648 --- [restartedMain] JpaBaseConfiguration$JpaWebConfiguration : spring.jpa.open-in-view is enabled by default. Therefore, database queries may be performed during view rendering. Explicitly configure spring.jpa.open-in-view to disable this warning
2021-03-04 01:26:26.304  INFO 11648 --- [restartedMain] o.s.s.concurrent.ThreadPoolTaskExecutor  : Initializing ExecutorService 'applicationTaskExecutor'
2021-03-04 01:26:26.384  INFO 11648 --- [restartedMain] o.s.b.a.w.s.WelcomePageHandlerMapping    : Adding welcome page template: index
2021-03-04 01:26:26.604  INFO 11648 --- [restartedMain] o.s.b.w.embedded.tomcat.TomcatWebServer  : Tomcat started on port(s): 8080 (http) with context path ''
2021-03-04 01:26:26.612  INFO 11648 --- [restartedMain] nju.se.zt.njucat.NjucatApplication       : Started NjucatApplication in 4.125 seconds (JVM running for 4.969)
2021-03-04 01:26:30.278  INFO 11648 --- [http-nio-8080-exec-1] o.a.c.c.C.[Tomcat].[localhost].[/]       : Initializing Spring DispatcherServlet 'dispatcherServlet'
2021-03-04 01:26:30.278  INFO 11648 --- [http-nio-8080-exec-1] o.s.web.servlet.DispatcherServlet        : Initializing Servlet 'dispatcherServlet'
2021-03-04 01:26:30.279  INFO 11648 --- [http-nio-8080-exec-1] o.s.web.servlet.DispatcherServlet        : Completed initialization in 1 ms
2021-03-04 01:29:07.490  INFO 9400 --- [restartedMain] nju.se.zt.njucat.NjucatApplication       : Starting NjucatApplication using Java 1.8.0_271 on DESKTOP-O8OBFFF with PID 9400 (D:\W\WorkSpace\njucat\target\classes started by taozheeng in D:\W\WorkSpace\njucat)
2021-03-04 01:29:07.494 DEBUG 9400 --- [restartedMain] nju.se.zt.njucat.NjucatApplication       : Running with Spring Boot v2.4.3, Spring v5.3.4
2021-03-04 01:29:07.494  INFO 9400 --- [restartedMain] nju.se.zt.njucat.NjucatApplication       : No active profile set, falling back to default profiles: default
2021-03-04 01:29:07.545  INFO 9400 --- [restartedMain] .e.DevToolsPropertyDefaultsPostProcessor : Devtools property defaults active! Set 'spring.devtools.add-properties' to 'false' to disable
2021-03-04 01:29:07.545  INFO 9400 --- [restartedMain] .e.DevToolsPropertyDefaultsPostProcessor : For additional web related logging consider setting the 'logging.level.web' property to 'DEBUG'
2021-03-04 01:29:08.022  INFO 9400 --- [restartedMain] .s.d.r.c.RepositoryConfigurationDelegate : Bootstrapping Spring Data JPA repositories in DEFAULT mode.
2021-03-04 01:29:08.059  INFO 9400 --- [restartedMain] .s.d.r.c.RepositoryConfigurationDelegate : Finished Spring Data repository scanning in 30 ms. Found 1 JPA repository interfaces.
2021-03-04 01:29:08.739  INFO 9400 --- [restartedMain] o.s.b.w.embedded.tomcat.TomcatWebServer  : Tomcat initialized with port(s): 8080 (http)
2021-03-04 01:29:08.746  INFO 9400 --- [restartedMain] o.apache.catalina.core.StandardService   : Starting service [Tomcat]
2021-03-04 01:29:08.746  INFO 9400 --- [restartedMain] org.apache.catalina.core.StandardEngine  : Starting Servlet engine: [Apache Tomcat/9.0.43]
2021-03-04 01:29:08.812  INFO 9400 --- [restartedMain] o.a.c.c.C.[Tomcat].[localhost].[/]       : Initializing Spring embedded WebApplicationContext
2021-03-04 01:29:08.812  INFO 9400 --- [restartedMain] w.s.c.ServletWebServerApplicationContext : Root WebApplicationContext: initialization completed in 1266 ms
2021-03-04 01:29:08.965  INFO 9400 --- [restartedMain] o.hibernate.jpa.internal.util.LogHelper  : HHH000204: Processing PersistenceUnitInfo [name: default]
2021-03-04 01:29:08.996  INFO 9400 --- [restartedMain] org.hibernate.Version                    : HHH000412: Hibernate ORM core version 5.4.28.Final
2021-03-04 01:29:09.128  INFO 9400 --- [restartedMain] o.hibernate.annotations.common.Version   : HCANN000001: Hibernate Commons Annotations {5.1.2.Final}
2021-03-04 01:29:09.195  INFO 9400 --- [restartedMain] com.zaxxer.hikari.HikariDataSource       : HikariPool-1 - Starting...
2021-03-04 01:29:09.661  INFO 9400 --- [restartedMain] com.zaxxer.hikari.HikariDataSource       : HikariPool-1 - Start completed.
2021-03-04 01:29:09.674  INFO 9400 --- [restartedMain] org.hibernate.dialect.Dialect            : HHH000400: Using dialect: org.hibernate.dialect.MySQL57Dialect
2021-03-04 01:29:10.255  INFO 9400 --- [restartedMain] o.h.e.t.j.p.i.JtaPlatformInitiator       : HHH000490: Using JtaPlatform implementation: [org.hibernate.engine.transaction.jta.platform.internal.NoJtaPlatform]
2021-03-04 01:29:10.263  INFO 9400 --- [restartedMain] j.LocalContainerEntityManagerFactoryBean : Initialized JPA EntityManagerFactory for persistence unit 'default'
2021-03-04 01:29:10.322  INFO 9400 --- [restartedMain] o.s.b.d.a.OptionalLiveReloadServer       : LiveReload server is running on port 35729
2021-03-04 01:29:10.887  WARN 9400 --- [restartedMain] JpaBaseConfiguration$JpaWebConfiguration : spring.jpa.open-in-view is enabled by default. Therefore, database queries may be performed during view rendering. Explicitly configure spring.jpa.open-in-view to disable this warning
2021-03-04 01:29:11.036  INFO 9400 --- [restartedMain] o.s.s.concurrent.ThreadPoolTaskExecutor  : Initializing ExecutorService 'applicationTaskExecutor'
2021-03-04 01:29:11.116  INFO 9400 --- [restartedMain] o.s.b.a.w.s.WelcomePageHandlerMapping    : Adding welcome page template: index
2021-03-04 01:29:11.338  INFO 9400 --- [restartedMain] o.s.b.w.embedded.tomcat.TomcatWebServer  : Tomcat started on port(s): 8080 (http) with context path ''
2021-03-04 01:29:11.346  INFO 9400 --- [restartedMain] nju.se.zt.njucat.NjucatApplication       : Started NjucatApplication in 4.262 seconds (JVM running for 5.202)
2021-03-04 01:29:14.516  INFO 9400 --- [http-nio-8080-exec-1] o.a.c.c.C.[Tomcat].[localhost].[/]       : Initializing Spring DispatcherServlet 'dispatcherServlet'
2021-03-04 01:29:14.516  INFO 9400 --- [http-nio-8080-exec-1] o.s.web.servlet.DispatcherServlet        : Initializing Servlet 'dispatcherServlet'
2021-03-04 01:29:14.517  INFO 9400 --- [http-nio-8080-exec-1] o.s.web.servlet.DispatcherServlet        : Completed initialization in 1 ms
2021-03-04 01:52:03.310  INFO 1624 --- [restartedMain] nju.se.zt.njucat.NjucatApplication       : Starting NjucatApplication using Java 1.8.0_271 on DESKTOP-O8OBFFF with PID 1624 (D:\W\WorkSpace\njucat\target\classes started by taozheeng in D:\W\WorkSpace\njucat)
2021-03-04 01:52:03.314 DEBUG 1624 --- [restartedMain] nju.se.zt.njucat.NjucatApplication       : Running with Spring Boot v2.4.3, Spring v5.3.4
2021-03-04 01:52:03.314  INFO 1624 --- [restartedMain] nju.se.zt.njucat.NjucatApplication       : No active profile set, falling back to default profiles: default
2021-03-04 01:52:03.379  INFO 1624 --- [restartedMain] .e.DevToolsPropertyDefaultsPostProcessor : Devtools property defaults active! Set 'spring.devtools.add-properties' to 'false' to disable
2021-03-04 01:52:03.380  INFO 1624 --- [restartedMain] .e.DevToolsPropertyDefaultsPostProcessor : For additional web related logging consider setting the 'logging.level.web' property to 'DEBUG'
2021-03-04 01:52:03.951  INFO 1624 --- [restartedMain] .s.d.r.c.RepositoryConfigurationDelegate : Bootstrapping Spring Data JPA repositories in DEFAULT mode.
2021-03-04 01:52:03.992  INFO 1624 --- [restartedMain] .s.d.r.c.RepositoryConfigurationDelegate : Finished Spring Data repository scanning in 34 ms. Found 1 JPA repository interfaces.
2021-03-04 01:52:04.582  INFO 1624 --- [restartedMain] o.s.b.w.embedded.tomcat.TomcatWebServer  : Tomcat initialized with port(s): 8080 (http)
2021-03-04 01:52:04.589  INFO 1624 --- [restartedMain] o.apache.catalina.core.StandardService   : Starting service [Tomcat]
2021-03-04 01:52:04.589  INFO 1624 --- [restartedMain] org.apache.catalina.core.StandardEngine  : Starting Servlet engine: [Apache Tomcat/9.0.43]
2021-03-04 01:52:04.657  INFO 1624 --- [restartedMain] o.a.c.c.C.[Tomcat].[localhost].[/]       : Initializing Spring embedded WebApplicationContext
2021-03-04 01:52:04.657  INFO 1624 --- [restartedMain] w.s.c.ServletWebServerApplicationContext : Root WebApplicationContext: initialization completed in 1275 ms
2021-03-04 01:52:04.811  INFO 1624 --- [restartedMain] o.hibernate.jpa.internal.util.LogHelper  : HHH000204: Processing PersistenceUnitInfo [name: default]
2021-03-04 01:52:04.843  INFO 1624 --- [restartedMain] org.hibernate.Version                    : HHH000412: Hibernate ORM core version 5.4.28.Final
2021-03-04 01:52:04.975  INFO 1624 --- [restartedMain] o.hibernate.annotations.common.Version   : HCANN000001: Hibernate Commons Annotations {5.1.2.Final}
2021-03-04 01:52:05.042  INFO 1624 --- [restartedMain] com.zaxxer.hikari.HikariDataSource       : HikariPool-1 - Starting...
2021-03-04 01:52:05.506  INFO 1624 --- [restartedMain] com.zaxxer.hikari.HikariDataSource       : HikariPool-1 - Start completed.
2021-03-04 01:52:05.519  INFO 1624 --- [restartedMain] org.hibernate.dialect.Dialect            : HHH000400: Using dialect: org.hibernate.dialect.MySQL57Dialect
2021-03-04 01:52:05.989  INFO 1624 --- [restartedMain] o.h.e.t.j.p.i.JtaPlatformInitiator       : HHH000490: Using JtaPlatform implementation: [org.hibernate.engine.transaction.jta.platform.internal.NoJtaPlatform]
2021-03-04 01:52:05.996  INFO 1624 --- [restartedMain] j.LocalContainerEntityManagerFactoryBean : Initialized JPA EntityManagerFactory for persistence unit 'default'
2021-03-04 01:52:06.049  INFO 1624 --- [restartedMain] o.s.b.d.a.OptionalLiveReloadServer       : LiveReload server is running on port 35729
2021-03-04 01:52:06.482  WARN 1624 --- [restartedMain] JpaBaseConfiguration$JpaWebConfiguration : spring.jpa.open-in-view is enabled by default. Therefore, database queries may be performed during view rendering. Explicitly configure spring.jpa.open-in-view to disable this warning
2021-03-04 01:52:06.628  INFO 1624 --- [restartedMain] o.s.s.concurrent.ThreadPoolTaskExecutor  : Initializing ExecutorService 'applicationTaskExecutor'
2021-03-04 01:52:06.707  INFO 1624 --- [restartedMain] o.s.b.a.w.s.WelcomePageHandlerMapping    : Adding welcome page template: index
2021-03-04 01:52:06.936  INFO 1624 --- [restartedMain] o.s.b.w.embedded.tomcat.TomcatWebServer  : Tomcat started on port(s): 8080 (http) with context path ''
2021-03-04 01:52:06.943  INFO 1624 --- [restartedMain] nju.se.zt.njucat.NjucatApplication       : Started NjucatApplication in 4.055 seconds (JVM running for 4.922)
2021-03-04 01:52:10.790  INFO 1624 --- [http-nio-8080-exec-1] o.a.c.c.C.[Tomcat].[localhost].[/]       : Initializing Spring DispatcherServlet 'dispatcherServlet'
2021-03-04 01:52:10.791  INFO 1624 --- [http-nio-8080-exec-1] o.s.web.servlet.DispatcherServlet        : Initializing Servlet 'dispatcherServlet'
2021-03-04 01:52:10.792  INFO 1624 --- [http-nio-8080-exec-1] o.s.web.servlet.DispatcherServlet        : Completed initialization in 1 ms
2021-03-04 01:52:45.469  INFO 11304 --- [restartedMain] nju.se.zt.njucat.NjucatApplication       : Starting NjucatApplication using Java 1.8.0_271 on DESKTOP-O8OBFFF with PID 11304 (D:\W\WorkSpace\njucat\target\classes started by taozheeng in D:\W\WorkSpace\njucat)
2021-03-04 01:52:45.472 DEBUG 11304 --- [restartedMain] nju.se.zt.njucat.NjucatApplication       : Running with Spring Boot v2.4.3, Spring v5.3.4
2021-03-04 01:52:45.472  INFO 11304 --- [restartedMain] nju.se.zt.njucat.NjucatApplication       : No active profile set, falling back to default profiles: default
2021-03-04 01:52:45.521  INFO 11304 --- [restartedMain] .e.DevToolsPropertyDefaultsPostProcessor : Devtools property defaults active! Set 'spring.devtools.add-properties' to 'false' to disable
2021-03-04 01:52:45.521  INFO 11304 --- [restartedMain] .e.DevToolsPropertyDefaultsPostProcessor : For additional web related logging consider setting the 'logging.level.web' property to 'DEBUG'
2021-03-04 01:52:46.047  INFO 11304 --- [restartedMain] .s.d.r.c.RepositoryConfigurationDelegate : Bootstrapping Spring Data JPA repositories in DEFAULT mode.
2021-03-04 01:52:46.084  INFO 11304 --- [restartedMain] .s.d.r.c.RepositoryConfigurationDelegate : Finished Spring Data repository scanning in 30 ms. Found 1 JPA repository interfaces.
2021-03-04 01:52:46.809  INFO 11304 --- [restartedMain] o.s.b.w.embedded.tomcat.TomcatWebServer  : Tomcat initialized with port(s): 8080 (http)
2021-03-04 01:52:46.817  INFO 11304 --- [restartedMain] o.apache.catalina.core.StandardService   : Starting service [Tomcat]
2021-03-04 01:52:46.817  INFO 11304 --- [restartedMain] org.apache.catalina.core.StandardEngine  : Starting Servlet engine: [Apache Tomcat/9.0.43]
2021-03-04 01:52:46.900  INFO 11304 --- [restartedMain] o.a.c.c.C.[Tomcat].[localhost].[/]       : Initializing Spring embedded WebApplicationContext
2021-03-04 01:52:46.901  INFO 11304 --- [restartedMain] w.s.c.ServletWebServerApplicationContext : Root WebApplicationContext: initialization completed in 1379 ms
2021-03-04 01:52:47.062  INFO 11304 --- [restartedMain] o.hibernate.jpa.internal.util.LogHelper  : HHH000204: Processing PersistenceUnitInfo [name: default]
2021-03-04 01:52:47.093  INFO 11304 --- [restartedMain] org.hibernate.Version                    : HHH000412: Hibernate ORM core version 5.4.28.Final
2021-03-04 01:52:47.239  INFO 11304 --- [restartedMain] o.hibernate.annotations.common.Version   : HCANN000001: Hibernate Commons Annotations {5.1.2.Final}
2021-03-04 01:52:47.305  INFO 11304 --- [restartedMain] com.zaxxer.hikari.HikariDataSource       : HikariPool-1 - Starting...
2021-03-04 01:52:47.786  INFO 11304 --- [restartedMain] com.zaxxer.hikari.HikariDataSource       : HikariPool-1 - Start completed.
2021-03-04 01:52:47.800  INFO 11304 --- [restartedMain] org.hibernate.dialect.Dialect            : HHH000400: Using dialect: org.hibernate.dialect.MySQL57Dialect
2021-03-04 01:52:48.312  INFO 11304 --- [restartedMain] o.h.e.t.j.p.i.JtaPlatformInitiator       : HHH000490: Using JtaPlatform implementation: [org.hibernate.engine.transaction.jta.platform.internal.NoJtaPlatform]
2021-03-04 01:52:48.320  INFO 11304 --- [restartedMain] j.LocalContainerEntityManagerFactoryBean : Initialized JPA EntityManagerFactory for persistence unit 'default'
2021-03-04 01:52:48.371  INFO 11304 --- [restartedMain] o.s.b.d.a.OptionalLiveReloadServer       : LiveReload server is running on port 35729
2021-03-04 01:52:48.802  WARN 11304 --- [restartedMain] JpaBaseConfiguration$JpaWebConfiguration : spring.jpa.open-in-view is enabled by default. Therefore, database queries may be performed during view rendering. Explicitly configure spring.jpa.open-in-view to disable this warning
2021-03-04 01:52:48.947  INFO 11304 --- [restartedMain] o.s.s.concurrent.ThreadPoolTaskExecutor  : Initializing ExecutorService 'applicationTaskExecutor'
2021-03-04 01:52:49.029  INFO 11304 --- [restartedMain] o.s.b.a.w.s.WelcomePageHandlerMapping    : Adding welcome page template: index
2021-03-04 01:52:49.272  INFO 11304 --- [restartedMain] o.s.b.w.embedded.tomcat.TomcatWebServer  : Tomcat started on port(s): 8080 (http) with context path ''
2021-03-04 01:52:49.280  INFO 11304 --- [restartedMain] nju.se.zt.njucat.NjucatApplication       : Started NjucatApplication in 4.305 seconds (JVM running for 5.139)
2021-03-04 01:52:49.432  INFO 11304 --- [http-nio-8080-exec-1] o.a.c.c.C.[Tomcat].[localhost].[/]       : Initializing Spring DispatcherServlet 'dispatcherServlet'
2021-03-04 01:52:49.432  INFO 11304 --- [http-nio-8080-exec-1] o.s.web.servlet.DispatcherServlet        : Initializing Servlet 'dispatcherServlet'
2021-03-04 01:52:49.433  INFO 11304 --- [http-nio-8080-exec-1] o.s.web.servlet.DispatcherServlet        : Completed initialization in 1 ms
